[Licensing::Module] Trying to connect to existing licensing client channel...
Built from '6000.0/respin/6000.0.59f1-063c55f2fd0f' branch; Version is '6000.0.59f2 (ef281c76c3c1) revision 15673372'; Using compiler version '193933523'; Build Type 'Release'
[Licensing::IpcConnector] Successfully connected to: "LicenseClient-Julia" at "2026-01-06T15:58:31.7468131Z"
OS: 'Windows 11  (10.0.26200) 64bit Core' Language: 'en' Physical Memory: 32678 MB
BatchMode: 0, IsHumanControllingUs: 1, StartBugReporterOnCrash: 1, Is64bit: 1
Date: 2026-01-06T15:58:31Z

COMMAND LINE ARGUMENTS:
C:\Program Files\Unity\Hub\Editor\6000.0.59f2\Editor\Unity.exe
-editor-mode
com.unity.mppm.clone
-no-cloud-project-bind-popup
-noLaunchScreen
-library-redirect
../..
-readonly
-noUpm
-upmRestorePackages
-name
Player 2
-projectPath
C:\Users\Julia\Unity\Camping-Game\Library\VP\mppme1911322
--virtual-project-clone
-forgetProjectPath
-library-redirect
../..
-readonly
-DisableDirectoryMonitor
-noUpm
-upmRestorePackages
-noMainWindow
-suppressDefaultMenuEntries
-logFile
C:\Users\Julia\Unity\Camping-Game\Library\VP\mppme1911322\Logs\Editor.log
-vp-channel-name=vp-channel
-ump-channel-service-port
60198
-mainProcessId=42244
-vpId=mppme1911322
-buildTarget
StandaloneWindows64
-standaloneBuildSubtarget
Player
Successfully changed project path to: C:\Users\Julia\Unity\Camping-Game\Library\VP\mppme1911322
C:/Users/Julia/Unity/Camping-Game/Library/VP/mppme1911322
[UnityMemory] Configuration Parameters - Can be set up in boot.config
    "memorysetup-bucket-allocator-granularity=16"
    "memorysetup-bucket-allocator-bucket-count=8"
    "memorysetup-bucket-allocator-block-size=33554432"
    "memorysetup-bucket-allocator-block-count=8"
    "memorysetup-main-allocator-block-size=16777216"
    "memorysetup-thread-allocator-block-size=16777216"
    "memorysetup-gfx-main-allocator-block-size=16777216"
    "memorysetup-gfx-thread-allocator-block-size=16777216"
    "memorysetup-cache-allocator-block-size=4194304"
    "memorysetup-typetree-allocator-block-size=2097152"
    "memorysetup-profiler-bucket-allocator-granularity=16"
    "memorysetup-profiler-bucket-allocator-bucket-count=8"
    "memorysetup-profiler-bucket-allocator-block-size=33554432"
    "memorysetup-profiler-bucket-allocator-block-count=8"
    "memorysetup-profiler-allocator-block-size=16777216"
    "memorysetup-profiler-editor-allocator-block-size=1048576"
    "memorysetup-temp-allocator-size-main=16777216"
    "memorysetup-job-temp-allocator-block-size=2097152"
    "memorysetup-job-temp-allocator-block-size-background=1048576"
    "memorysetup-job-temp-allocator-reduction-small-platforms=262144"
    "memorysetup-allocator-temp-initial-block-size-main=262144"
    "memorysetup-allocator-temp-initial-block-size-worker=262144"
    "memorysetup-temp-allocator-size-background-worker=32768"
    "memorysetup-temp-allocator-size-job-worker=262144"
    "memorysetup-temp-allocator-size-preload-manager=33554432"
    "memorysetup-temp-allocator-size-nav-mesh-worker=65536"
    "memorysetup-temp-allocator-size-audio-worker=65536"
    "memorysetup-temp-allocator-size-cloud-worker=32768"
    "memorysetup-temp-allocator-size-gi-baking-worker=262144"
    "memorysetup-temp-allocator-size-gi-baking-worker=262144"
    "memorysetup-temp-allocator-size-gi-baking-worker=262144"
    "memorysetup-temp-allocator-size-gi-baking-worker=262144"
    "memorysetup-temp-allocator-size-gi-baking-worker=262144"
    "memorysetup-temp-allocator-size-gfx=262144"
Player connection [35572]  Target information:

Player connection [35572]  * "[IP] 192.168.0.22 [Port] 55505 [Flags] 2 [Guid] 2369980046 [EditorId] 2369980046 [Version] 1048832 [Id] WindowsEditor(7,DESKTOP-2CG8G8V) [Debug] 1 [PackageName] WindowsEditor [ProjectName] Editor" 

Player connection [35572] Host joined multi-casting on [225.0.0.222:54997]...
Player connection [35572] Host joined alternative multi-casting on [225.0.0.222:34997]...
Input System module state changed to: Initialized.
[Physics::Module] Initialized fallback backend.
[Physics::Module] Id: 0xdecafbad
[Licensing::Client] Code 10 while verifying Licensing Client signature (process Id: 32968, path: "C:/Program Files/Unity Hub/UnityLicensingClient_V1/Unity.Licensing.Client.exe")
[Licensing::Module] LicensingClient has failed validation; ignoring
[Licensing::Client] Handshaking with LicensingClient:
  Version:                 1.17.3+a4e98f1
  Session Id:              afeb5565d9ff4cfab368976f905a0c7e
  Correlation Id:          3818180fcd31efae48b6bc559f3c9fd9
  External correlation Id: 4543053308316236649
  Machine Id:              W0AeoaXr1Ggc3qBElmOwUjp3C3A=
[Licensing::Module] Successfully connected to LicensingClient on channel: "LicenseClient-Julia" (connect: 0.00s, validation: 0.00s, handshake: 0.03s)
[Licensing::IpcConnector] Successfully connected to: "LicenseClient-Julia-notifications" at "2026-01-06T15:58:31.7789932Z"
[Licensing::Module] Error: Access token is unavailable; failed to update
[Licensing::Client] Successfully resolved entitlement details
[Licensing::Module] License group:
  Id: 5773470884228-UnityPersXXXX
  Product: Unity Personal
  Type: Assigned
  Expiration: Unlimited
[Licensing::Client] Successfully updated license, isAsync: True, time: 0.00
[Licensing::Client] Successfully resolved entitlement details
[Licensing::Module] Licensing Background thread has ended after 0.04s
Library Redirect Path: ../../
[Physics::Module] Selected backend.
[Physics::Module] Name: PhysX
[Physics::Module] Id: 0xf2b8ea05
[Physics::Module] SDK Version: 4.1.2
[Physics::Module] Integration Version: 1.0.0
[Physics::Module] Threading Mode: Multi-Threaded
Targeting platform: StandaloneWindows64
Refreshing native plugins compatible for Editor in 1.30 ms, found 0 plugins.
Preloading 0 native plugins for Editor in 0.00 ms.
Initialize engine version: 6000.0.59f2 (ef281c76c3c1)
[Subsystems] Discovering subsystems at path C:/Program Files/Unity/Hub/Editor/6000.0.59f2/Editor/Data/Resources/UnitySubsystems
[Subsystems] Discovering subsystems at path C:/Users/Julia/Unity/Camping-Game/Library/VP/mppme1911322/Assets
kGfxThreadingModeSplitJobs is not supported on Direct3D 11. Reverting to kGfxThreadingModeThreaded instead.
GfxDevice: creating device client; kGfxThreadingModeThreaded
Direct3D:
    Version:  Direct3D 11.0 [level 11.1]
    Renderer: NVIDIA GeForce RTX 3060 Ti (ID=0x2489)
    Vendor:   NVIDIA
    VRAM:     8024 MB
    Driver:   32.0.15.8088
Initialize mono
Mono path[0] = 'C:/Program Files/Unity/Hub/Editor/6000.0.59f2/Editor/Data/Managed'
Mono path[1] = 'C:/Program Files/Unity/Hub/Editor/6000.0.59f2/Editor/Data/MonoBleedingEdge/lib/mono/unityjit-win32'
Mono config path = 'C:/Program Files/Unity/Hub/Editor/6000.0.59f2/Editor/Data/MonoBleedingEdge/etc'
Using monoOptions --debugger-agent=transport=dt_socket,embedding=1,server=y,suspend=n,address=127.0.0.1:56648
Using cacheserver namespaces - metadata:defaultmetadata, artifacts:defaultartifacts
Using cacheserver namespaces - metadata:defaultmetadata, artifacts:defaultartifacts
ImportWorker Server TCP listen port: 0
AcceleratorClientConnectionCallback - disconnected - :0
Begin MonoManager ReloadAssembly
Registering precompiled unity dll's ...
Register platform support module: C:/Program Files/Unity/Hub/Editor/6000.0.59f2/Editor/Data/PlaybackEngines/WindowsStandaloneSupport/UnityEditor.WindowsStandalone.Extensions.dll
Registered in 0.003407 seconds.
- Loaded All Assemblies, in  0.333 seconds
Native extension for WindowsStandalone target not found
Mono: successfully reloaded assembly
- Finished resetting the current domain, in  0.272 seconds
Domain Reload Profiling: 601ms
	BeginReloadAssembly (115ms)
		ExecutionOrderSort (0ms)
		DisableScriptedObjects (0ms)
		BackupInstance (0ms)
		ReleaseScriptingObjects (0ms)
		CreateAndSetChildDomain (1ms)
	RebuildCommonClasses (32ms)
	RebuildNativeTypeToScriptingClass (11ms)
	initialDomainReloadingComplete (46ms)
	LoadAllAssembliesAndSetupDomain (125ms)
		LoadAssemblies (111ms)
		RebuildTransferFunctionScriptingTraits (0ms)
		AnalyzeDomain (123ms)
			TypeCache.Refresh (122ms)
				TypeCache.ScanAssembly (111ms)
			BuildScriptInfoCaches (0ms)
			ResolveRequiredComponents (0ms)
	FinalizeReload (272ms)
		ReleaseScriptCaches (0ms)
		RebuildScriptCaches (0ms)
		SetupLoadedEditorAssemblies (243ms)
			LogAssemblyErrors (0ms)
			InitializePlatformSupportModulesInManaged (18ms)
			SetLoadedEditorAssemblies (4ms)
			BeforeProcessingInitializeOnLoad (49ms)
			ProcessInitializeOnLoadAttributes (125ms)
			ProcessInitializeOnLoadMethodAttributes (47ms)
			AfterProcessingInitializeOnLoad (0ms)
			EditorAssembliesLoaded (0ms)
		ExecutionOrderSort2 (0ms)
		AwakeInstancesAfterBackupRestoration (0ms)
[Licensing::Client] Successfully resolved entitlement details
Application.AssetDatabase Initial Refresh Start
Package Manager log level set to [2]
[Package Manager] Restoring resolved packages state from cache
[Licensing::Client] Successfully resolved entitlement details
[Package Manager] Registered 73 packages:
  Packages from [https://packages.unity.com]:
    com.unity.ai.navigation@2.0.9 (location: C:\Users\Julia\Unity\Camping-Game\Library\PackageCache\com.unity.ai.navigation@5218e4bf7edc)
    com.unity.collab-proxy@2.10.2 (location: C:\Users\Julia\Unity\Camping-Game\Library\PackageCache\com.unity.collab-proxy@3351acaba9c9)
    com.unity.ide.rider@3.0.38 (location: C:\Users\Julia\Unity\Camping-Game\Library\PackageCache\com.unity.ide.rider@1f60b3138684)
    com.unity.ide.visualstudio@2.0.23 (location: C:\Users\Julia\Unity\Camping-Game\Library\PackageCache\com.unity.ide.visualstudio@198cdf337d13)
    com.unity.inputsystem@1.14.2 (location: C:\Users\Julia\Unity\Camping-Game\Library\PackageCache\com.unity.inputsystem@be6c4fd0abf5)
    com.unity.multiplayer.center.quickstart@1.1.1 (location: C:\Users\Julia\Unity\Camping-Game\Library\PackageCache\com.unity.multiplayer.center.quickstart@c025a98340af)
    com.unity.multiplayer.playmode@1.6.2 (location: C:\Users\Julia\Unity\Camping-Game\Library\PackageCache\com.unity.multiplayer.playmode@96fe8db2c047)
    com.unity.multiplayer.tools@2.2.6 (location: C:\Users\Julia\Unity\Camping-Game\Library\PackageCache\com.unity.multiplayer.tools@8395f16a9a9a)
    com.unity.multiplayer.widgets@1.0.5 (location: C:\Users\Julia\Unity\Camping-Game\Library\PackageCache\com.unity.multiplayer.widgets@5e458f651b7a)
    com.unity.netcode.gameobjects@2.7.0 (location: C:\Users\Julia\Unity\Camping-Game\Library\PackageCache\com.unity.netcode.gameobjects@bd2a018756ed)
    com.unity.services.multiplayer@1.2.0 (location: C:\Users\Julia\Unity\Camping-Game\Library\PackageCache\com.unity.services.multiplayer@b65d52ffeb93)
    com.unity.services.vivox@16.7.0 (location: C:\Users\Julia\Unity\Camping-Game\Library\PackageCache\com.unity.services.vivox@563fb2c43dc5)
    com.unity.timeline@1.8.9 (location: C:\Users\Julia\Unity\Camping-Game\Library\PackageCache\com.unity.timeline@6b9e48457ddb)
    com.unity.visualscripting@1.9.7 (location: C:\Users\Julia\Unity\Camping-Game\Library\PackageCache\com.unity.visualscripting@6279e2b7c485)
    com.unity.settings-manager@2.1.0 (location: C:\Users\Julia\Unity\Camping-Game\Library\PackageCache\com.unity.settings-manager@41738c275190)
    com.unity.nuget.newtonsoft-json@3.2.1 (location: C:\Users\Julia\Unity\Camping-Game\Library\PackageCache\com.unity.nuget.newtonsoft-json@74deb55db2a0)
    com.unity.collections@2.5.1 (location: C:\Users\Julia\Unity\Camping-Game\Library\PackageCache\com.unity.collections@56bff8827a7e)
    com.unity.services.qos@1.3.0 (location: C:\Users\Julia\Unity\Camping-Game\Library\PackageCache\com.unity.services.qos@f4a3648d24d3)
    com.unity.services.core@1.15.1 (location: C:\Users\Julia\Unity\Camping-Game\Library\PackageCache\com.unity.services.core@874e9d230d57)
    com.unity.services.wire@1.4.0 (location: C:\Users\Julia\Unity\Camping-Game\Library\PackageCache\com.unity.services.wire@2d36cce58c62)
    com.unity.services.deployment@1.6.2 (location: C:\Users\Julia\Unity\Camping-Game\Library\PackageCache\com.unity.services.deployment@3b0f19f59670)
    com.unity.services.authentication@3.5.1 (location: C:\Users\Julia\Unity\Camping-Game\Library\PackageCache\com.unity.services.authentication@c43f6f840fa0)
    com.unity.transport@2.6.0 (location: C:\Users\Julia\Unity\Camping-Game\Library\PackageCache\com.unity.transport@6e74a0e6481d)
    com.unity.nuget.mono-cecil@1.11.4 (location: C:\Users\Julia\Unity\Camping-Game\Library\PackageCache\com.unity.nuget.mono-cecil@d6f9955a5d5f)
    com.unity.burst@1.8.25 (location: C:\Users\Julia\Unity\Camping-Game\Library\PackageCache\com.unity.burst@1df634d836b8)
    com.unity.mathematics@1.3.2 (location: C:\Users\Julia\Unity\Camping-Game\Library\PackageCache\com.unity.mathematics@8017b507cc74)
    com.unity.profiling.core@1.0.2 (location: C:\Users\Julia\Unity\Camping-Game\Library\PackageCache\com.unity.profiling.core@aac7b93912bc)
    com.unity.services.deployment.api@1.1.2 (location: C:\Users\Julia\Unity\Camping-Game\Library\PackageCache\com.unity.services.deployment.api@3c4a519a9319)
    com.unity.test-framework.performance@3.2.0 (location: C:\Users\Julia\Unity\Camping-Game\Library\PackageCache\com.unity.test-framework.performance@0840f58e4562)
    com.unity.searcher@4.9.3 (location: C:\Users\Julia\Unity\Camping-Game\Library\PackageCache\com.unity.searcher@1e17ce91558d)
  Built-in packages:
    com.unity.multiplayer.center@1.0.0 (location: C:\Users\Julia\Unity\Camping-Game\Library\PackageCache\com.unity.multiplayer.center@f3fb577b3546)
    com.unity.render-pipelines.universal@17.0.4 (location: C:\Users\Julia\Unity\Camping-Game\Library\PackageCache\com.unity.render-pipelines.universal@2a2241f53fcd)
    com.unity.test-framework@1.6.0 (location: C:\Users\Julia\Unity\Camping-Game\Library\PackageCache\com.unity.test-framework@0baaad2f700c)
    com.unity.ugui@2.0.0 (location: C:\Users\Julia\Unity\Camping-Game\Library\PackageCache\com.unity.ugui@23b1a4ff749d)
    com.unity.modules.accessibility@1.0.0 (location: C:\Program Files\Unity\Hub\Editor\6000.0.59f2\Editor\Data\Resources\PackageManager\BuiltInPackages\com.unity.modules.accessibility)
    com.unity.modules.ai@1.0.0 (location: C:\Program Files\Unity\Hub\Editor\6000.0.59f2\Editor\Data\Resources\PackageManager\BuiltInPackages\com.unity.modules.ai)
    com.unity.modules.androidjni@1.0.0 (location: C:\Program Files\Unity\Hub\Editor\6000.0.59f2\Editor\Data\Resources\PackageManager\BuiltInPackages\com.unity.modules.androidjni)
    com.unity.modules.animation@1.0.0 (location: C:\Program Files\Unity\Hub\Editor\6000.0.59f2\Editor\Data\Resources\PackageManager\BuiltInPackages\com.unity.modules.animation)
    com.unity.modules.assetbundle@1.0.0 (location: C:\Program Files\Unity\Hub\Editor\6000.0.59f2\Editor\Data\Resources\PackageManager\BuiltInPackages\com.unity.modules.assetbundle)
    com.unity.modules.audio@1.0.0 (location: C:\Program Files\Unity\Hub\Editor\6000.0.59f2\Editor\Data\Resources\PackageManager\BuiltInPackages\com.unity.modules.audio)
    com.unity.modules.cloth@1.0.0 (location: C:\Program Files\Unity\Hub\Editor\6000.0.59f2\Editor\Data\Resources\PackageManager\BuiltInPackages\com.unity.modules.cloth)
    com.unity.modules.director@1.0.0 (location: C:\Program Files\Unity\Hub\Editor\6000.0.59f2\Editor\Data\Resources\PackageManager\BuiltInPackages\com.unity.modules.director)
    com.unity.modules.imageconversion@1.0.0 (location: C:\Program Files\Unity\Hub\Editor\6000.0.59f2\Editor\Data\Resources\PackageManager\BuiltInPackages\com.unity.modules.imageconversion)
    com.unity.modules.imgui@1.0.0 (location: C:\Program Files\Unity\Hub\Editor\6000.0.59f2\Editor\Data\Resources\PackageManager\BuiltInPackages\com.unity.modules.imgui)
    com.unity.modules.jsonserialize@1.0.0 (location: C:\Program Files\Unity\Hub\Editor\6000.0.59f2\Editor\Data\Resources\PackageManager\BuiltInPackages\com.unity.modules.jsonserialize)
    com.unity.modules.particlesystem@1.0.0 (location: C:\Program Files\Unity\Hub\Editor\6000.0.59f2\Editor\Data\Resources\PackageManager\BuiltInPackages\com.unity.modules.particlesystem)
    com.unity.modules.physics@1.0.0 (location: C:\Program Files\Unity\Hub\Editor\6000.0.59f2\Editor\Data\Resources\PackageManager\BuiltInPackages\com.unity.modules.physics)
    com.unity.modules.physics2d@1.0.0 (location: C:\Program Files\Unity\Hub\Editor\6000.0.59f2\Editor\Data\Resources\PackageManager\BuiltInPackages\com.unity.modules.physics2d)
    com.unity.modules.screencapture@1.0.0 (location: C:\Program Files\Unity\Hub\Editor\6000.0.59f2\Editor\Data\Resources\PackageManager\BuiltInPackages\com.unity.modules.screencapture)
    com.unity.modules.terrain@1.0.0 (location: C:\Program Files\Unity\Hub\Editor\6000.0.59f2\Editor\Data\Resources\PackageManager\BuiltInPackages\com.unity.modules.terrain)
    com.unity.modules.terrainphysics@1.0.0 (location: C:\Program Files\Unity\Hub\Editor\6000.0.59f2\Editor\Data\Resources\PackageManager\BuiltInPackages\com.unity.modules.terrainphysics)
    com.unity.modules.tilemap@1.0.0 (location: C:\Program Files\Unity\Hub\Editor\6000.0.59f2\Editor\Data\Resources\PackageManager\BuiltInPackages\com.unity.modules.tilemap)
    com.unity.modules.ui@1.0.0 (location: C:\Program Files\Unity\Hub\Editor\6000.0.59f2\Editor\Data\Resources\PackageManager\BuiltInPackages\com.unity.modules.ui)
    com.unity.modules.uielements@1.0.0 (location: C:\Program Files\Unity\Hub\Editor\6000.0.59f2\Editor\Data\Resources\PackageManager\BuiltInPackages\com.unity.modules.uielements)
    com.unity.modules.umbra@1.0.0 (location: C:\Program Files\Unity\Hub\Editor\6000.0.59f2\Editor\Data\Resources\PackageManager\BuiltInPackages\com.unity.modules.umbra)
    com.unity.modules.unityanalytics@1.0.0 (location: C:\Program Files\Unity\Hub\Editor\6000.0.59f2\Editor\Data\Resources\PackageManager\BuiltInPackages\com.unity.modules.unityanalytics)
    com.unity.modules.unitywebrequest@1.0.0 (location: C:\Program Files\Unity\Hub\Editor\6000.0.59f2\Editor\Data\Resources\PackageManager\BuiltInPackages\com.unity.modules.unitywebrequest)
    com.unity.modules.unitywebrequestassetbundle@1.0.0 (location: C:\Program Files\Unity\Hub\Editor\6000.0.59f2\Editor\Data\Resources\PackageManager\BuiltInPackages\com.unity.modules.unitywebrequestassetbundle)
    com.unity.modules.unitywebrequestaudio@1.0.0 (location: C:\Program Files\Unity\Hub\Editor\6000.0.59f2\Editor\Data\Resources\PackageManager\BuiltInPackages\com.unity.modules.unitywebrequestaudio)
    com.unity.modules.unitywebrequesttexture@1.0.0 (location: C:\Program Files\Unity\Hub\Editor\6000.0.59f2\Editor\Data\Resources\PackageManager\BuiltInPackages\com.unity.modules.unitywebrequesttexture)
    com.unity.modules.unitywebrequestwww@1.0.0 (location: C:\Program Files\Unity\Hub\Editor\6000.0.59f2\Editor\Data\Resources\PackageManager\BuiltInPackages\com.unity.modules.unitywebrequestwww)
    com.unity.modules.vehicles@1.0.0 (location: C:\Program Files\Unity\Hub\Editor\6000.0.59f2\Editor\Data\Resources\PackageManager\BuiltInPackages\com.unity.modules.vehicles)
    com.unity.modules.video@1.0.0 (location: C:\Program Files\Unity\Hub\Editor\6000.0.59f2\Editor\Data\Resources\PackageManager\BuiltInPackages\com.unity.modules.video)
    com.unity.modules.vr@1.0.0 (location: C:\Program Files\Unity\Hub\Editor\6000.0.59f2\Editor\Data\Resources\PackageManager\BuiltInPackages\com.unity.modules.vr)
    com.unity.modules.wind@1.0.0 (location: C:\Program Files\Unity\Hub\Editor\6000.0.59f2\Editor\Data\Resources\PackageManager\BuiltInPackages\com.unity.modules.wind)
    com.unity.modules.xr@1.0.0 (location: C:\Program Files\Unity\Hub\Editor\6000.0.59f2\Editor\Data\Resources\PackageManager\BuiltInPackages\com.unity.modules.xr)
    com.unity.modules.subsystems@1.0.0 (location: C:\Program Files\Unity\Hub\Editor\6000.0.59f2\Editor\Data\Resources\PackageManager\BuiltInPackages\com.unity.modules.subsystems)
    com.unity.modules.hierarchycore@1.0.0 (location: C:\Program Files\Unity\Hub\Editor\6000.0.59f2\Editor\Data\Resources\PackageManager\BuiltInPackages\com.unity.modules.hierarchycore)
    com.unity.ext.nunit@2.0.5 (location: C:\Users\Julia\Unity\Camping-Game\Library\PackageCache\com.unity.ext.nunit@031a54704bff)
    com.unity.render-pipelines.core@17.0.4 (location: C:\Users\Julia\Unity\Camping-Game\Library\PackageCache\com.unity.render-pipelines.core@029632be9a02)
    com.unity.shadergraph@17.0.4 (location: C:\Users\Julia\Unity\Camping-Game\Library\PackageCache\com.unity.shadergraph@de26b472816a)
    com.unity.render-pipelines.universal-config@17.0.3 (location: C:\Users\Julia\Unity\Camping-Game\Library\PackageCache\com.unity.render-pipelines.universal-config@dd206bf35d04)
    com.unity.rendering.light-transport@1.0.1 (location: C:\Users\Julia\Unity\Camping-Game\Library\PackageCache\com.unity.rendering.light-transport@9bd588f963c0)
[Subsystems] No new subsystems found in resolved package list.
[Package Manager] Done registering packages in 0.02 seconds
Begin MonoManager ReloadAssembly
Symbol file LoadedFromMemory is not a mono symbol file
- Loaded All Assemblies, in  0.907 seconds
Refreshing native plugins compatible for Editor in 6.32 ms, found 5 plugins.
Shader 'Universal Render Pipeline/Autodesk Interactive/AutodeskInteractive': fallback shader 'Hidden/Shader Graph/FallbackError' not found
Shader 'Universal Render Pipeline/Autodesk Interactive/AutodeskInteractiveTransparent': fallback shader 'Hidden/Shader Graph/FallbackError' not found
Shader 'Universal Render Pipeline/Autodesk Interactive/AutodeskInteractiveMasked': fallback shader 'Hidden/Shader Graph/FallbackError' not found
Shader 'Universal Render Pipeline/Nature/SpeedTree7': fallback shader 'Hidden/Universal Render Pipeline/FallbackError' not found
Shader 'Universal Render Pipeline/Nature/SpeedTree7': dependency 'BillboardShader' shader 'Universal Render Pipeline/Nature/SpeedTree7 Billboard' not found
Shader 'Universal Render Pipeline/Nature/SpeedTree8_PBRLit': fallback shader 'Hidden/Shader Graph/FallbackError' not found
Shader 'Universal Render Pipeline/Nature/SpeedTree9_URP': fallback shader 'Hidden/Shader Graph/FallbackError' not found
Shader 'Hidden/Universal Render Pipeline/StencilDeferred': fallback shader 'Hidden/Universal Render Pipeline/FallbackError' not found
Shader 'Hidden/Universal Render Pipeline/FallbackError': fallback shader 'Hidden/Core/FallbackError' not found
Shader 'Universal Render Pipeline/Lit': fallback shader 'Hidden/Universal Render Pipeline/FallbackError' not found
Shader 'Universal Render Pipeline/Particles/Unlit': fallback shader 'Hidden/Universal Render Pipeline/FallbackError' not found
Shader 'Universal Render Pipeline/Terrain/Lit': fallback shader 'Hidden/Universal Render Pipeline/FallbackError' not found
Shader 'Universal Render Pipeline/Terrain/Lit': dependency 'AddPassShader' shader 'Hidden/Universal Render Pipeline/Terrain/Lit (Add Pass)' not found
Shader 'Universal Render Pipeline/Terrain/Lit': dependency 'BaseMapShader' shader 'Hidden/Universal Render Pipeline/Terrain/Lit (Base Pass)' not found
Shader 'Universal Render Pipeline/Terrain/Lit': dependency 'BaseMapGenShader' shader 'Hidden/Universal Render Pipeline/Terrain/Lit (Basemap Gen)' not found
Shader 'Shader Graphs/Decal': fallback shader 'Hidden/Shader Graph/FallbackError' not found
Native extension for WindowsStandalone target not found
Refreshing native plugins compatible for Editor in 6.41 ms, found 5 plugins.
[Package Manager] Failed to launch server process. Reason: Unity was launched with the -noUpm command-line argument
[Package Manager] Unable to send message (not connected to server process).
[Package Manager] Cannot connect to Unity Package Manager local server
Mono: successfully reloaded assembly
- Finished resetting the current domain, in  5.011 seconds
Domain Reload Profiling: 5909ms
	BeginReloadAssembly (202ms)
		ExecutionOrderSort (0ms)
		DisableScriptedObjects (50ms)
		BackupInstance (0ms)
		ReleaseScriptingObjects (0ms)
		CreateAndSetChildDomain (23ms)
	RebuildCommonClasses (32ms)
	RebuildNativeTypeToScriptingClass (11ms)
	initialDomainReloadingComplete (61ms)
	LoadAllAssembliesAndSetupDomain (592ms)
		LoadAssemblies (358ms)
		RebuildTransferFunctionScriptingTraits (0ms)
		AnalyzeDomain (324ms)
			TypeCache.Refresh (214ms)
				TypeCache.ScanAssembly (200ms)
			BuildScriptInfoCaches (98ms)
			ResolveRequiredComponents (10ms)
	FinalizeReload (5011ms)
		ReleaseScriptCaches (0ms)
		RebuildScriptCaches (0ms)
		SetupLoadedEditorAssemblies (4792ms)
			LogAssemblyErrors (0ms)
			InitializePlatformSupportModulesInManaged (13ms)
			SetLoadedEditorAssemblies (4ms)
			BeforeProcessingInitializeOnLoad (191ms)
			ProcessInitializeOnLoadAttributes (4066ms)
			ProcessInitializeOnLoadMethodAttributes (512ms)
			AfterProcessingInitializeOnLoad (7ms)
			EditorAssembliesLoaded (0ms)
		ExecutionOrderSort2 (0ms)
		AwakeInstancesAfterBackupRestoration (7ms)
Asset Pipeline Refresh (id=37f9641be9fbfc945a52386aaebec35e): Total: 6.939 seconds - Initiated by InitialRefreshV2(ForceSynchronousImport)
	Summary:
		Imports: total=0 (actual=0, local cache=0, cache server=0)
		Asset DB Process Time: managed=0 ms, native=6008 ms
		Asset DB Callback time: managed=0 ms, native=22 ms
		Scripting: domain reloads=1, domain reload time=907 ms, compile time=1 ms, other=0 ms
		Project Asset Count: scripts=2218, non-scripts=2541
		Asset File Changes: new=0, changed=0, moved=0, deleted=0
		Scan Filter Count: 1
	InvokeCustomDependenciesCallbacks: 0.001ms
	InvokePackagesCallback: 22.247ms
	ApplyChangesToAssetFolders: 0.290ms
	CategorizeAssets: 76.142ms
	ImportOutOfDateAssets: 5035.135ms (5030.944ms without children)
		CompileScripts: 1.117ms
		ReloadNativeAssets: 0.291ms
		UnloadImportedAssets: 1.537ms
		EnsureUptoDateAssetsAreRegisteredWithGuidPM: 0.871ms
		InitializingProgressBar: 0.000ms
		PostProcessAllAssetNotificationsAddChangedAssets: 0.001ms
		OnDemandSchedulerStart: 0.376ms
	Hotreload: 3.002ms
	GatherAllCurrentPrimaryArtifactRevisions: 0.000ms
	UnloadStreamsBegin: 0.160ms
	UnloadStreamsEnd: 0.002ms
	GenerateScriptTypeHashes: 9.606ms
	Untracked: 1802.244ms

Application.AssetDatabase Initial Refresh End
Shader 'TextMeshPro/Distance Field SSD': fallback shader 'TextMeshPro/Mobile/Distance Field' not found
Shader 'TextMeshPro/Distance Field': fallback shader 'TextMeshPro/Mobile/Distance Field' not found
Shader 'Hidden/Universal Render Pipeline/Terrain/Lit (Add Pass)': fallback shader 'Hidden/Universal Render Pipeline/FallbackError' not found
Shader 'Hidden/Universal Render Pipeline/Terrain/Lit (Base Pass)': fallback shader 'Hidden/Universal Render Pipeline/FallbackError' not found
WARNING: Shader Unsupported: 'Hidden/Universal Render Pipeline/Terrain/Lit (Base Pass)' - All subshaders removed
WARNING: Shader Did you use #pragma only_renderers and omit this platform?
WARNING: Shader If subshaders removal was intentional, you may have forgotten turning Fallback off?
WARNING: Shader Unsupported: 'Hidden/Universal Render Pipeline/Terrain/Lit (Base Pass)' - All subshaders removed
WARNING: Shader Did you use #pragma only_renderers and omit this platform?
WARNING: Shader If subshaders removal was intentional, you may have forgotten turning Fallback off?
Shader 'Universal Render Pipeline/Baked Lit': fallback shader 'Universal Render Pipeline/Unlit' not found
Scanning for USB devices : 11.963ms
Initializing Unity extensions:
[MODES] ModeService[none].Initialize
[MODES] ModeService[none].LoadModes
[MODES] Loading mode Default (0) for mode-current-id-Camping Game
[MODES] Loading editor mode Multiplayer Playmode Clone (1) from command line.
Unloading 70 Unused Serialized files (Serialized files now loaded: 0)
Unloading 10745 unused Assets / (13.4 MB). Loaded Objects now: 11333.
Memory consumption went from 264.7 MB to 251.2 MB.
Total: 21.417400 ms (FindLiveObjects: 0.893100 ms CreateObjectMapping: 1.216000 ms MarkObjects: 7.464100 ms  DeleteObjects: 11.843600 ms)

[Project] Loading completed in 9.041 seconds
	Project init time: 				8.535 seconds
		Template init time: 		0.000 seconds
		Package Manager init time: 		0.000 seconds
		Asset Database init time: 		0.112 seconds
		Global illumination init time: 	0.002 seconds
		Assemblies load time: 			0.622 seconds
		Unity extensions init time: 	0.054 seconds
		Asset Database refresh time: 	6.939 seconds
	Scene opening time: 			0.438 seconds
##utp:{"type":"ProjectInfo","version":2,"phase":"Immediate","time":1767715120766,"processId":37648,"projectLoad":9.041237800000001,"projectInit":8.5345478,"templateInit":0.0,"packageManagerInit":4e-7,"assetDatabaseInit":0.1115327,"globalIlluminationInit":0.0019444,"assembliesLoad":0.6224577,"unityExtensionsInit":0.0544797,"assetDatabaseRefresh":6.9393367,"sceneOpening":0.4384301}
##utp:{"type":"EditorInfo","version":2,"phase":"Immediate","time":1767715120766,"processId":37648,"editorVersion":"6000.0.59f2 (ef281c76c3c1)","branch":"6000.0/respin/6000.0.59f1-063c55f2fd0f","buildType":"Release","platform":"Windows"}
Asset Pipeline Refresh (id=ed805f8956550164eadd10dddfbb95c0): Total: 0.773 seconds - Initiated by RefreshV2(NoUpdateAssetOptions)
	Summary:
		Imports: total=0 (actual=0, local cache=0, cache server=0)
		Asset DB Process Time: managed=0 ms, native=772 ms
		Asset DB Callback time: managed=0 ms, native=0 ms
		Scripting: domain reloads=0, domain reload time=0 ms, compile time=0 ms, other=0 ms
		Project Asset Count: scripts=2218, non-scripts=2541
		Asset File Changes: new=0, changed=0, moved=0, deleted=0
		Scan Filter Count: 1
	InvokeCustomDependenciesCallbacks: 0.001ms
	InvokePackagesCallback: 0.001ms
	ApplyChangesToAssetFolders: 0.196ms
	CategorizeAssets: 83.175ms
	ImportOutOfDateAssets: 5.456ms (2.484ms without children)
		ReloadNativeAssets: 0.271ms
		UnloadImportedAssets: 0.003ms
		EnsureUptoDateAssetsAreRegisteredWithGuidPM: 2.086ms
		InitializingProgressBar: 0.000ms
		PostProcessAllAssetNotificationsAddChangedAssets: 0.001ms
		OnDemandSchedulerStart: 0.611ms
	Hotreload: 4.447ms
	GatherAllCurrentPrimaryArtifactRevisions: 0.134ms
	UnloadStreamsBegin: 0.923ms
	UnloadStreamsEnd: 0.003ms
	Untracked: 678.184ms

Launched and connected shader compiler UnityShaderCompiler.exe after 0.01 seconds
Created GICache directory at C:/Users/Julia/AppData/LocalLow/Unity/Caches/GiCache. Took: 0.015s, timestamps: [9.044 - 9.059]
Loading style catalogs (8)
	StyleSheets/Extensions/base/common.uss
	UIPackageResources/StyleSheets/Default/Variables/Public/common.uss
	StyleSheets/Northstar/common.uss
	StyleSheets/Extensions/fonts/inter.uss
	StyleSheets/Extensions/base/dark.uss
	UIPackageResources/StyleSheets/Default/Northstar/Palette/dark.uss
	Packages/com.unity.timeline/Editor/StyleSheets/Extensions/dark.uss
	Packages/com.unity.timeline/Editor/StyleSheets/Extensions/common.uss
<RI> Initializing input.
Using Windows.Gaming.Input
<RI> Input initialized.
[LAYOUT] About to save layout Library/UserSettings/Layouts\layout_0010.wlt
Opening scene 'Assets/Scenes/SampleScene.unity'
Unloading 20 Unused Serialized files (Serialized files now loaded: 0)
Loaded scene 'Assets/Scenes/SampleScene.unity'
	Deserialize:            43.671 ms
	Integration:            339.966 ms
	Integration of assets:  7.230 ms
	Thread Wait Time:       0.114 ms
	Total Operation Time:   390.982 ms
Unloading 10633 unused Assets / (3.2 MB). Loaded Objects now: 11735.
Memory consumption went from 305.2 MB to 302.0 MB.
Total: 14.473700 ms (FindLiveObjects: 1.527200 ms CreateObjectMapping: 0.940400 ms MarkObjects: 8.662300 ms  DeleteObjects: 3.343000 ms)

Launched and connected shader compiler UnityShaderCompiler.exe after 0.01 seconds
Launched and connected shader compiler UnityShaderCompiler.exe after 0.01 seconds
Launched and connected shader compiler UnityShaderCompiler.exe after 0.01 seconds
Launched and connected shader compiler UnityShaderCompiler.exe after 0.01 seconds
[Licensing::Client] Successfully updated the access token
[Licensing::Module] Successfully updated access token: "gKlGZiiO"... (expires: 2027-01-06T15:58:45Z)
Reloading assemblies for play mode.
Reloading assemblies after forced synchronous recompile.
Begin MonoManager ReloadAssembly
Symbol file LoadedFromMemory is not a mono symbol file
- Loaded All Assemblies, in  2.582 seconds
Refreshing native plugins compatible for Editor in 6.95 ms, found 5 plugins.
Native extension for WindowsStandalone target not found
[Package Manager] Failed to launch server process. Reason: Unity was launched with the -noUpm command-line argument
[Package Manager] Unable to send message (not connected to server process).
[Package Manager] Cannot connect to Unity Package Manager local server
[MODES] ModeService[none].Initialize
[MODES] ModeService[none].LoadModes
[MODES] Loading mode Default (0) for mode-current-id-Camping Game
[MODES] Loading editor mode Multiplayer Playmode Clone (1) from command line.
Mono: successfully reloaded assembly
- Finished resetting the current domain, in  1.824 seconds
Domain Reload Profiling: 4402ms
	BeginReloadAssembly (1997ms)
		ExecutionOrderSort (0ms)
		DisableScriptedObjects (88ms)
		BackupInstance (0ms)
		ReleaseScriptingObjects (0ms)
		CreateAndSetChildDomain (1750ms)
	RebuildCommonClasses (31ms)
	RebuildNativeTypeToScriptingClass (12ms)
	initialDomainReloadingComplete (50ms)
	LoadAllAssembliesAndSetupDomain (488ms)
		LoadAssemblies (341ms)
		RebuildTransferFunctionScriptingTraits (0ms)
		AnalyzeDomain (233ms)
			TypeCache.Refresh (6ms)
				TypeCache.ScanAssembly (0ms)
			BuildScriptInfoCaches (214ms)
			ResolveRequiredComponents (11ms)
	FinalizeReload (1824ms)
		ReleaseScriptCaches (0ms)
		RebuildScriptCaches (0ms)
		SetupLoadedEditorAssemblies (1259ms)
			LogAssemblyErrors (0ms)
			InitializePlatformSupportModulesInManaged (13ms)
			SetLoadedEditorAssemblies (4ms)
			BeforeProcessingInitializeOnLoad (339ms)
			ProcessInitializeOnLoadAttributes (542ms)
			ProcessInitializeOnLoadMethodAttributes (354ms)
			AfterProcessingInitializeOnLoad (7ms)
			EditorAssembliesLoaded (1ms)
		ExecutionOrderSort2 (0ms)
		AwakeInstancesAfterBackupRestoration (211ms)
Asset Pipeline Refresh (id=2b649c56d583cfa4094e6c28595b74f6): Total: 5.575 seconds - Initiated by StopAssetImportingV2(ForceSynchronousImport | ForceDomainReload)
	Summary:
		Imports: total=0 (actual=0, local cache=0, cache server=0)
		Asset DB Process Time: managed=0 ms, native=2971 ms
		Asset DB Callback time: managed=0 ms, native=0 ms
		Scripting: domain reloads=1, domain reload time=2601 ms, compile time=1 ms, other=0 ms
		Project Asset Count: scripts=2218, non-scripts=2541
		Asset File Changes: new=0, changed=0, moved=0, deleted=0
		Scan Filter Count: 0
	InvokeCustomDependenciesCallbacks: 0.001ms
	InvokePackagesCallback: 0.003ms
	ApplyChangesToAssetFolders: 0.451ms
	CategorizeAssets: 114.155ms
	ImportOutOfDateAssets: 1849.439ms (1843.649ms without children)
		CompileScripts: 1.229ms
		CollectScriptTypesHashes: 1.548ms
		ReloadNativeAssets: 1.477ms
		UnloadImportedAssets: 0.089ms
		EnsureUptoDateAssetsAreRegisteredWithGuidPM: 1.073ms
		InitializingProgressBar: 0.001ms
		PostProcessAllAssetNotificationsAddChangedAssets: 0.001ms
		OnDemandSchedulerStart: 0.374ms
	Hotreload: 0.222ms
	GatherAllCurrentPrimaryArtifactRevisions: 0.152ms
	UnloadStreamsBegin: 1.510ms
	UnloadStreamsEnd: 0.002ms
	GenerateScriptTypeHashes: 5.355ms
	Untracked: 3608.980ms

Initialized Unity Services
UnityEngine.Debug:ExtractStackTraceNoAlloc (byte*,int,string)
UnityEngine.StackTraceUtility:ExtractStackTrace ()
UnityEngine.DebugLogHandler:Internal_Log (UnityEngine.LogType,UnityEngine.LogOption,string,UnityEngine.Object)
UnityEngine.DebugLogHandler:LogFormat (UnityEngine.LogType,UnityEngine.Object,string,object[])
UnityEngine.Logger:Log (UnityEngine.LogType,object)
UnityEngine.Debug:Log (object)
Unity.Multiplayer.Widgets.WidgetServiceInitializationInternal/<InitializeAsync>d__0:MoveNext () (at ./Library/PackageCache/com.unity.multiplayer.widgets@5e458f651b7a/Runtime/Core/Base/WidgetServiceInitialization.cs:27)
System.Runtime.CompilerServices.AsyncMethodBuilderCore/MoveNextRunner:InvokeMoveNext (object)
System.Threading.ExecutionContext:RunInternal (System.Threading.ExecutionContext,System.Threading.ContextCallback,object,bool)
System.Threading.ExecutionContext:Run (System.Threading.ExecutionContext,System.Threading.ContextCallback,object,bool)
System.Runtime.CompilerServices.AsyncMethodBuilderCore/MoveNextRunner:Run ()
System.Threading.Tasks.AwaitTaskContinuation:InvokeAction (object)
System.Threading.Tasks.AwaitTaskContinuation:RunCallback (System.Threading.ContextCallback,object,System.Threading.Tasks.Task&)
System.Threading.Tasks.SynchronizationContextAwaitTaskContinuation:Run (System.Threading.Tasks.Task,bool)
System.Threading.Tasks.Task:FinishContinuations ()
System.Threading.Tasks.Task:FinishStageThree ()
System.Threading.Tasks.Task`1<System.Threading.Tasks.VoidTaskResult>:TrySetResult (System.Threading.Tasks.VoidTaskResult)
System.Runtime.CompilerServices.AsyncTaskMethodBuilder`1<System.Threading.Tasks.VoidTaskResult>:SetResult (System.Threading.Tasks.VoidTaskResult)
System.Runtime.CompilerServices.AsyncTaskMethodBuilder`1<System.Threading.Tasks.VoidTaskResult>:SetResult (System.Threading.Tasks.Task`1<System.Threading.Tasks.VoidTaskResult>)
System.Runtime.CompilerServices.AsyncTaskMethodBuilder:SetResult ()
Unity.Services.Core.UnityServices/<InitializeAsync>d__26:MoveNext () (at ./Library/PackageCache/com.unity.services.core@874e9d230d57/Runtime/Core/UnityServices.cs:136)
System.Runtime.CompilerServices.AsyncMethodBuilderCore/MoveNextRunner:InvokeMoveNext (object)
System.Threading.ExecutionContext:RunInternal (System.Threading.ExecutionContext,System.Threading.ContextCallback,object,bool)
System.Threading.ExecutionContext:Run (System.Threading.ExecutionContext,System.Threading.ContextCallback,object,bool)
System.Runtime.CompilerServices.AsyncMethodBuilderCore/MoveNextRunner:Run ()
System.Threading.Tasks.AwaitTaskContinuation:InvokeAction (object)
System.Threading.Tasks.AwaitTaskContinuation:RunCallback (System.Threading.ContextCallback,object,System.Threading.Tasks.Task&)
System.Threading.Tasks.SynchronizationContextAwaitTaskContinuation:Run (System.Threading.Tasks.Task,bool)
System.Threading.Tasks.Task:FinishContinuations ()
System.Threading.Tasks.Task:FinishStageThree ()
System.Threading.Tasks.Task`1<System.Threading.Tasks.VoidTaskResult>:TrySetResult (System.Threading.Tasks.VoidTaskResult)
System.Runtime.CompilerServices.AsyncTaskMethodBuilder`1<System.Threading.Tasks.VoidTaskResult>:SetResult (System.Threading.Tasks.VoidTaskResult)
System.Runtime.CompilerServices.AsyncTaskMethodBuilder`1<System.Threading.Tasks.VoidTaskResult>:SetResult (System.Threading.Tasks.Task`1<System.Threading.Tasks.VoidTaskResult>)
System.Runtime.CompilerServices.AsyncTaskMethodBuilder:SetResult ()
Unity.Services.Core.Internal.UnityServicesInternal/<InitializeAsync>d__27:MoveNext () (at ./Library/PackageCache/com.unity.services.core@874e9d230d57/Runtime/Core.Internal/UnityServicesInternal.cs:96)
System.Runtime.CompilerServices.AsyncMethodBuilderCore/MoveNextRunner:InvokeMoveNext (object)
System.Threading.ExecutionContext:RunInternal (System.Threading.ExecutionContext,System.Threading.ContextCallback,object,bool)
System.Threading.ExecutionContext:Run (System.Threading.ExecutionContext,System.Threading.ContextCallback,object,bool)
System.Runtime.CompilerServices.AsyncMethodBuilderCore/MoveNextRunner:Run ()
System.Threading.Tasks.AwaitTaskContinuation:InvokeAction (object)
System.Threading.Tasks.AwaitTaskContinuation:RunCallback (System.Threading.ContextCallback,object,System.Threading.Tasks.Task&)
System.Threading.Tasks.SynchronizationContextAwaitTaskContinuation:Run (System.Threading.Tasks.Task,bool)
System.Threading.Tasks.Task:FinishContinuations ()
System.Threading.Tasks.Task:FinishStageThree ()
System.Threading.Tasks.Task`1<object>:TrySetResult (object)
System.Threading.Tasks.TaskCompletionSource`1<object>:TrySetResult (object)
Unity.Services.Core.Internal.UnityServicesInternal/<>c__DisplayClass33_0:<InitializeServicesAsync>g__SucceedServicesInitialization|3 () (at ./Library/PackageCache/com.unity.services.core@874e9d230d57/Runtime/Core.Internal/UnityServicesInternal.cs:191)
Unity.Services.Core.Internal.UnityServicesInternal/<InitializeServicesAsync>d__33:MoveNext () (at ./Library/PackageCache/com.unity.services.core@874e9d230d57/Runtime/Core.Internal/UnityServicesInternal.cs:164)
System.Runtime.CompilerServices.AsyncTaskMethodBuilder:Start<Unity.Services.Core.Internal.UnityServicesInternal/<InitializeServicesAsync>d__33> (Unity.Services.Core.Internal.UnityServicesInternal/<InitializeServicesAsync>d__33&)
Unity.Services.Core.Internal.UnityServicesInternal:InitializeServicesAsync ()
Unity.Services.Core.Internal.UnityServicesInternal/<EnableInitializationAsync>d__36:MoveNext () (at ./Library/PackageCache/com.unity.services.core@874e9d230d57/Runtime/Core.Internal/UnityServicesInternal.cs:217)
System.Runtime.CompilerServices.AsyncTaskMethodBuilder:Start<Unity.Services.Core.Internal.UnityServicesInternal/<EnableInitializationAsync>d__36> (Unity.Services.Core.Internal.UnityServicesInternal/<EnableInitializationAsync>d__36&)
Unity.Services.Core.Internal.UnityServicesInternal:EnableInitializationAsync ()
Unity.Services.Core.Internal.UnityServicesInitializer/<EnableServicesInitializationAsync>d__1:MoveNext () (at ./Library/PackageCache/com.unity.services.core@874e9d230d57/Runtime/Core.Internal/UnityServicesInitializer.cs:32)
System.Runtime.CompilerServices.AsyncVoidMethodBuilder:Start<Unity.Services.Core.Internal.UnityServicesInitializer/<EnableServicesInitializationAsync>d__1> (Unity.Services.Core.Internal.UnityServicesInitializer/<EnableServicesInitializationAsync>d__1&)
Unity.Services.Core.Internal.UnityServicesInitializer:EnableServicesInitializationAsync ()

(Filename: ./Library/PackageCache/com.unity.multiplayer.widgets@5e458f651b7a/Runtime/Core/Base/WidgetServiceInitialization.cs Line: 27)

Loaded scene 'Temp/__Backupscenes/0.backup'
	Deserialize:            4.415 ms
	Integration:            500.901 ms
	Integration of assets:  0.003 ms
	Thread Wait Time:       0.007 ms
	Total Operation Time:   505.326 ms
Asset Pipeline Refresh (id=63cfd97a94d95994c9045483c12b4872): Total: 0.682 seconds - Initiated by RefreshV2(ForceUpdate)
	Summary:
		Imports: total=0 (actual=0, local cache=0, cache server=0)
		Asset DB Process Time: managed=0 ms, native=682 ms
		Asset DB Callback time: managed=0 ms, native=0 ms
		Scripting: domain reloads=0, domain reload time=0 ms, compile time=0 ms, other=0 ms
		Project Asset Count: scripts=2218, non-scripts=2541
		Asset File Changes: new=0, changed=0, moved=0, deleted=0
		Scan Filter Count: 1
	InvokeCustomDependenciesCallbacks: 0.001ms
	InvokePackagesCallback: 0.001ms
	ApplyChangesToAssetFolders: 0.221ms
	CategorizeAssets: 79.464ms
	ImportOutOfDateAssets: 1.109ms (0.245ms without children)
		ReloadNativeAssets: 0.031ms
		UnloadImportedAssets: 0.001ms
		EnsureUptoDateAssetsAreRegisteredWithGuidPM: 0.548ms
		InitializingProgressBar: 0.001ms
		PostProcessAllAssetNotificationsAddChangedAssets: 0.000ms
		OnDemandSchedulerStart: 0.283ms
	Hotreload: 2.091ms
	GatherAllCurrentPrimaryArtifactRevisions: 0.136ms
	UnloadStreamsBegin: 0.095ms
	UnloadStreamsEnd: 0.001ms
	Untracked: 599.242ms

[Licensing::Client] Successfully updated the access token
[Licensing::Module] Successfully updated access token: "gKlGZiiO"... (expires: 2027-01-06T15:58:53Z)
Signed in anonymously. Name: ApprehensiveBoredSkateboard#9. ID: nsyeY4hFvcyTU82fIkDWRFZSK8Mf
UnityEngine.Debug:ExtractStackTraceNoAlloc (byte*,int,string)
UnityEngine.StackTraceUtility:ExtractStackTrace ()
UnityEngine.DebugLogHandler:Internal_Log (UnityEngine.LogType,UnityEngine.LogOption,string,UnityEngine.Object)
UnityEngine.DebugLogHandler:LogFormat (UnityEngine.LogType,UnityEngine.Object,string,object[])
UnityEngine.Logger:Log (UnityEngine.LogType,object)
UnityEngine.Debug:Log (object)
Unity.Multiplayer.Widgets.WidgetServiceInitializationInternal/<InitializeAsync>d__0:MoveNext () (at ./Library/PackageCache/com.unity.multiplayer.widgets@5e458f651b7a/Runtime/Core/Base/WidgetServiceInitialization.cs:34)
System.Runtime.CompilerServices.AsyncMethodBuilderCore/MoveNextRunner:InvokeMoveNext (object)
System.Threading.ExecutionContext:RunInternal (System.Threading.ExecutionContext,System.Threading.ContextCallback,object,bool)
System.Threading.ExecutionContext:Run (System.Threading.ExecutionContext,System.Threading.ContextCallback,object,bool)
System.Runtime.CompilerServices.AsyncMethodBuilderCore/MoveNextRunner:Run ()
System.Threading.Tasks.AwaitTaskContinuation:InvokeAction (object)
System.Threading.Tasks.AwaitTaskContinuation:RunCallback (System.Threading.ContextCallback,object,System.Threading.Tasks.Task&)
System.Threading.Tasks.SynchronizationContextAwaitTaskContinuation:Run (System.Threading.Tasks.Task,bool)
System.Threading.Tasks.Task:FinishContinuations ()
System.Threading.Tasks.Task:FinishStageThree ()
System.Threading.Tasks.Task`1<string>:TrySetResult (string)
System.Runtime.CompilerServices.AsyncTaskMethodBuilder`1<string>:SetResult (string)
Unity.Services.Authentication.AuthenticationServiceInternal/<GetPlayerNameAsync>d__190:MoveNext () (at ./Library/PackageCache/com.unity.services.authentication@c43f6f840fa0/Runtime/AuthenticationServiceInternal.PlayerNames.cs:45)
System.Runtime.CompilerServices.AsyncMethodBuilderCore/MoveNextRunner:InvokeMoveNext (object)
System.Threading.ExecutionContext:RunInternal (System.Threading.ExecutionContext,System.Threading.ContextCallback,object,bool)
System.Threading.ExecutionContext:Run (System.Threading.ExecutionContext,System.Threading.ContextCallback,object,bool)
System.Runtime.CompilerServices.AsyncMethodBuilderCore/MoveNextRunner:Run ()
System.Threading.Tasks.AwaitTaskContinuation:InvokeAction (object)
System.Threading.Tasks.AwaitTaskContinuation:RunCallback (System.Threading.ContextCallback,object,System.Threading.Tasks.Task&)
System.Threading.Tasks.SynchronizationContextAwaitTaskContinuation:Run (System.Threading.Tasks.Task,bool)
System.Threading.Tasks.Task:FinishContinuations ()
System.Threading.Tasks.Task:FinishStageThree ()
System.Threading.Tasks.Task`1<Unity.Services.Authentication.Shared.ApiResponse`1<Unity.Services.Authentication.Generated.Player>>:TrySetResult (Unity.Services.Authentication.Shared.ApiResponse`1<Unity.Services.Authentication.Generated.Player>)
System.Runtime.CompilerServices.AsyncTaskMethodBuilder`1<Unity.Services.Authentication.Shared.ApiResponse`1<Unity.Services.Authentication.Generated.Player>>:SetResult (Unity.Services.Authentication.Shared.ApiResponse`1<Unity.Services.Authentication.Generated.Player>)
Unity.Services.Authentication.Generated.PlayerNamesApi/<GetNameAsync>d__9:MoveNext () (at ./Library/PackageCache/com.unity.services.authentication@c43f6f840fa0/Runtime/Generated/PlayerNames/Api/PlayerNamesApi.cs:166)
System.Runtime.CompilerServices.AsyncMethodBuilderCore/MoveNextRunner:InvokeMoveNext (object)
System.Threading.ExecutionContext:RunInternal (System.Threading.ExecutionContext,System.Threading.ContextCallback,object,bool)
System.Threading.ExecutionContext:Run (System.Threading.ExecutionContext,System.Threading.ContextCallback,object,bool)
System.Runtime.CompilerServices.AsyncMethodBuilderCore/MoveNextRunner:Run ()
System.Threading.Tasks.AwaitTaskContinuation:InvokeAction (object)
System.Threading.Tasks.AwaitTaskContinuation:RunCallback (System.Threading.ContextCallback,object,System.Threading.Tasks.Task&)
System.Threading.Tasks.SynchronizationContextAwaitTaskContinuation:Run (System.Threading.Tasks.Task,bool)
System.Threading.Tasks.Task:FinishContinuations ()
System.Threading.Tasks.Task:FinishStageThree ()
System.Threading.Tasks.Task`1<Unity.Services.Authentication.Shared.ApiResponse`1<Unity.Services.Authentication.Generated.Player>>:TrySetResult (Unity.Services.Authentication.Shared.ApiResponse`1<Unity.Services.Authentication.Generated.Player>)
System.Runtime.CompilerServices.AsyncTaskMethodBuilder`1<Unity.Services.Authentication.Shared.ApiResponse`1<Unity.Services.Authentication.Generated.Player>>:SetResult (Unity.Services.Authentication.Shared.ApiResponse`1<Unity.Services.Authentication.Generated.Player>)
Unity.Services.Authentication.AuthenticationApiClient/<SendAsync>d__19`1<Unity.Services.Authentication.Generated.Player>:MoveNext () (at ./Library/PackageCache/com.unity.services.authentication@c43f6f840fa0/Runtime/Network/AuthenticationApiClient.cs:148)
System.Runtime.CompilerServices.AsyncMethodBuilderCore/MoveNextRunner:InvokeMoveNext (object)
System.Threading.ExecutionContext:RunInternal (System.Threading.ExecutionContext,System.Threading.ContextCallback,object,bool)
System.Threading.ExecutionContext:Run (System.Threading.ExecutionContext,System.Threading.ContextCallback,object,bool)
System.Runtime.CompilerServices.AsyncMethodBuilderCore/MoveNextRunner:Run ()
System.Threading.Tasks.AwaitTaskContinuation:InvokeAction (object)
System.Threading.Tasks.AwaitTaskContinuation:RunCallback (System.Threading.ContextCallback,object,System.Threading.Tasks.Task&)
System.Threading.Tasks.SynchronizationContextAwaitTaskContinuation:Run (System.Threading.Tasks.Task,bool)
System.Threading.Tasks.Task:FinishContinuations ()
System.Threading.Tasks.Task:FinishStageThree ()
System.Threading.Tasks.Task`1<Unity.Services.Authentication.Shared.ApiResponse`1<Unity.Services.Authentication.Generated.Player>>:TrySetResult (Unity.Services.Authentication.Shared.ApiResponse`1<Unity.Services.Authentication.Generated.Player>)
System.Threading.Tasks.TaskCompletionSource`1<Unity.Services.Authentication.Shared.ApiResponse`1<Unity.Services.Authentication.Generated.Player>>:TrySetResult (Unity.Services.Authentication.Shared.ApiResponse`1<Unity.Services.Authentication.Generated.Player>)
System.Threading.Tasks.TaskCompletionSource`1<Unity.Services.Authentication.Shared.ApiResponse`1<Unity.Services.Authentication.Generated.Player>>:SetResult (Unity.Services.Authentication.Shared.ApiResponse`1<Unity.Services.Authentication.Generated.Player>)
Unity.Services.Authentication.AuthenticationWebRequestUtils:ProcessResponse<Unity.Services.Authentication.Generated.Player> (System.Threading.Tasks.TaskCompletionSource`1<Unity.Services.Authentication.Shared.ApiResponse`1<Unity.Services.Authentication.Generated.Player>>,UnityEngine.Networking.UnityWebRequest) (at ./Library/PackageCache/com.unity.services.authentication@c43f6f840fa0/Runtime/Network/AuthenticationWebRequestUtils.cs:112)
Unity.Services.Authentication.AuthenticationWebRequestUtils/<>c__DisplayClass1_0`1<Unity.Services.Authentication.Generated.Player>:<SendWebRequestAsync>b__1 (UnityEngine.AsyncOperation) (at ./Library/PackageCache/com.unity.services.authentication@c43f6f840fa0/Runtime/Network/AuthenticationWebRequestUtils.cs:46)
UnityEngine.AsyncOperation:InvokeCompletionEvent ()

(Filename: ./Library/PackageCache/com.unity.multiplayer.widgets@5e458f651b7a/Runtime/Core/Base/WidgetServiceInitialization.cs Line: 34)

Refreshing native plugins compatible for Editor in 6.79 ms, found 5 plugins.
[LAYOUT] About to save layout Library/UserSettings/Layouts\layout_0010.wlt
[LAYOUT] About to save layout Library/UserSettings/Layouts\layout_0010.wlt
Joining Session...
UnityEngine.Debug:ExtractStackTraceNoAlloc (byte*,int,string)
UnityEngine.StackTraceUtility:ExtractStackTrace ()
UnityEngine.DebugLogHandler:Internal_Log (UnityEngine.LogType,UnityEngine.LogOption,string,UnityEngine.Object)
UnityEngine.DebugLogHandler:LogFormat (UnityEngine.LogType,UnityEngine.Object,string,object[])
UnityEngine.Logger:Log (UnityEngine.LogType,object)
UnityEngine.Debug:Log (object)
Unity.Multiplayer.Widgets.SessionManager/<EnterSession>d__14:MoveNext () (at ./Library/PackageCache/com.unity.multiplayer.widgets@5e458f651b7a/Runtime/Session/Session/SessionManager.cs:84)
System.Runtime.CompilerServices.AsyncMethodBuilderCore/MoveNextRunner:InvokeMoveNext (object)
System.Threading.ExecutionContext:RunInternal (System.Threading.ExecutionContext,System.Threading.ContextCallback,object,bool)
System.Threading.ExecutionContext:Run (System.Threading.ExecutionContext,System.Threading.ContextCallback,object,bool)
System.Runtime.CompilerServices.AsyncMethodBuilderCore/MoveNextRunner:Run ()
System.Threading.Tasks.AwaitTaskContinuation:InvokeAction (object)
System.Threading.Tasks.AwaitTaskContinuation:RunCallback (System.Threading.ContextCallback,object,System.Threading.Tasks.Task&)
System.Threading.Tasks.SynchronizationContextAwaitTaskContinuation:Run (System.Threading.Tasks.Task,bool)
System.Threading.Tasks.Task:FinishContinuations ()
System.Threading.Tasks.Task:FinishStageThree ()
System.Threading.Tasks.Task`1<System.Collections.Generic.Dictionary`2<string, Unity.Services.Multiplayer.PlayerProperty>>:TrySetResult (System.Collections.Generic.Dictionary`2<string, Unity.Services.Multiplayer.PlayerProperty>)
System.Runtime.CompilerServices.AsyncTaskMethodBuilder`1<System.Collections.Generic.Dictionary`2<string, Unity.Services.Multiplayer.PlayerProperty>>:SetResult (System.Collections.Generic.Dictionary`2<string, Unity.Services.Multiplayer.PlayerProperty>)
Unity.Multiplayer.Widgets.SessionManager/<GetPlayerProperties>d__16:MoveNext () (at ./Library/PackageCache/com.unity.multiplayer.widgets@5e458f651b7a/Runtime/Session/Session/SessionManager.cs:167)
System.Runtime.CompilerServices.AsyncMethodBuilderCore/MoveNextRunner:InvokeMoveNext (object)
System.Threading.ExecutionContext:RunInternal (System.Threading.ExecutionContext,System.Threading.ContextCallback,object,bool)
System.Threading.ExecutionContext:Run (System.Threading.ExecutionContext,System.Threading.ContextCallback,object,bool)
System.Runtime.CompilerServices.AsyncMethodBuilderCore/MoveNextRunner:Run ()
System.Threading.Tasks.AwaitTaskContinuation:InvokeAction (object)
System.Threading.Tasks.AwaitTaskContinuation:RunCallback (System.Threading.ContextCallback,object,System.Threading.Tasks.Task&)
System.Threading.Tasks.SynchronizationContextAwaitTaskContinuation:Run (System.Threading.Tasks.Task,bool)
System.Threading.Tasks.Task:FinishContinuations ()
System.Threading.Tasks.Task:FinishStageThree ()
System.Threading.Tasks.Task`1<string>:TrySetResult (string)
System.Runtime.CompilerServices.AsyncTaskMethodBuilder`1<string>:SetResult (string)
Unity.Services.Authentication.AuthenticationServiceInternal/<GetPlayerNameAsync>d__190:MoveNext () (at ./Library/PackageCache/com.unity.services.authentication@c43f6f840fa0/Runtime/AuthenticationServiceInternal.PlayerNames.cs:45)
System.Runtime.CompilerServices.AsyncMethodBuilderCore/MoveNextRunner:InvokeMoveNext (object)
System.Threading.ExecutionContext:RunInternal (System.Threading.ExecutionContext,System.Threading.ContextCallback,object,bool)
System.Threading.ExecutionContext:Run (System.Threading.ExecutionContext,System.Threading.ContextCallback,object,bool)
System.Runtime.CompilerServices.AsyncMethodBuilderCore/MoveNextRunner:Run ()
System.Threading.Tasks.AwaitTaskContinuation:InvokeAction (object)
System.Threading.Tasks.AwaitTaskContinuation:RunCallback (System.Threading.ContextCallback,object,System.Threading.Tasks.Task&)
System.Threading.Tasks.SynchronizationContextAwaitTaskContinuation:Run (System.Threading.Tasks.Task,bool)
System.Threading.Tasks.Task:FinishContinuations ()
System.Threading.Tasks.Task:FinishStageThree ()
System.Threading.Tasks.Task`1<Unity.Services.Authentication.Shared.ApiResponse`1<Unity.Services.Authentication.Generated.Player>>:TrySetResult (Unity.Services.Authentication.Shared.ApiResponse`1<Unity.Services.Authentication.Generated.Player>)
System.Runtime.CompilerServices.AsyncTaskMethodBuilder`1<Unity.Services.Authentication.Shared.ApiResponse`1<Unity.Services.Authentication.Generated.Player>>:SetResult (Unity.Services.Authentication.Shared.ApiResponse`1<Unity.Services.Authentication.Generated.Player>)
Unity.Services.Authentication.Generated.PlayerNamesApi/<GetNameAsync>d__9:MoveNext () (at ./Library/PackageCache/com.unity.services.authentication@c43f6f840fa0/Runtime/Generated/PlayerNames/Api/PlayerNamesApi.cs:166)
System.Runtime.CompilerServices.AsyncMethodBuilderCore/MoveNextRunner:InvokeMoveNext (object)
System.Threading.ExecutionContext:RunInternal (System.Threading.ExecutionContext,System.Threading.ContextCallback,object,bool)
System.Threading.ExecutionContext:Run (System.Threading.ExecutionContext,System.Threading.ContextCallback,object,bool)
System.Runtime.CompilerServices.AsyncMethodBuilderCore/MoveNextRunner:Run ()
System.Threading.Tasks.AwaitTaskContinuation:InvokeAction (object)
System.Threading.Tasks.AwaitTaskContinuation:RunCallback (System.Threading.ContextCallback,object,System.Threading.Tasks.Task&)
System.Threading.Tasks.SynchronizationContextAwaitTaskContinuation:Run (System.Threading.Tasks.Task,bool)
System.Threading.Tasks.Task:FinishContinuations ()
System.Threading.Tasks.Task:FinishStageThree ()
System.Threading.Tasks.Task`1<Unity.Services.Authentication.Shared.ApiResponse`1<Unity.Services.Authentication.Generated.Player>>:TrySetResult (Unity.Services.Authentication.Shared.ApiResponse`1<Unity.Services.Authentication.Generated.Player>)
System.Runtime.CompilerServices.AsyncTaskMethodBuilder`1<Unity.Services.Authentication.Shared.ApiResponse`1<Unity.Services.Authentication.Generated.Player>>:SetResult (Unity.Services.Authentication.Shared.ApiResponse`1<Unity.Services.Authentication.Generated.Player>)
Unity.Services.Authentication.AuthenticationApiClient/<SendAsync>d__19`1<Unity.Services.Authentication.Generated.Player>:MoveNext () (at ./Library/PackageCache/com.unity.services.authentication@c43f6f840fa0/Runtime/Network/AuthenticationApiClient.cs:148)
System.Runtime.CompilerServices.AsyncMethodBuilderCore/MoveNextRunner:InvokeMoveNext (object)
System.Threading.ExecutionContext:RunInternal (System.Threading.ExecutionContext,System.Threading.ContextCallback,object,bool)
System.Threading.ExecutionContext:Run (System.Threading.ExecutionContext,System.Threading.ContextCallback,object,bool)
System.Runtime.CompilerServices.AsyncMethodBuilderCore/MoveNextRunner:Run ()
System.Threading.Tasks.AwaitTaskContinuation:InvokeAction (object)
System.Threading.Tasks.AwaitTaskContinuation:RunCallback (System.Threading.ContextCallback,object,System.Threading.Tasks.Task&)
System.Threading.Tasks.SynchronizationContextAwaitTaskContinuation:Run (System.Threading.Tasks.Task,bool)
System.Threading.Tasks.Task:FinishContinuations ()
System.Threading.Tasks.Task:FinishStageThree ()
System.Threading.Tasks.Task`1<Unity.Services.Authentication.Shared.ApiResponse`1<Unity.Services.Authentication.Generated.Player>>:TrySetResult (Unity.Services.Authentication.Shared.ApiResponse`1<Unity.Services.Authentication.Generated.Player>)
System.Threading.Tasks.TaskCompletionSource`1<Unity.Services.Authentication.Shared.ApiResponse`1<Unity.Services.Authentication.Generated.Player>>:TrySetResult (Unity.Services.Authentication.Shared.ApiResponse`1<Unity.Services.Authentication.Generated.Player>)
System.Threading.Tasks.TaskCompletionSource`1<Unity.Services.Authentication.Shared.ApiResponse`1<Unity.Services.Authentication.Generated.Player>>:SetResult (Unity.Services.Authentication.Shared.ApiResponse`1<Unity.Services.Authentication.Generated.Player>)
Unity.Services.Authentication.AuthenticationWebRequestUtils:ProcessResponse<Unity.Services.Authentication.Generated.Player> (System.Threading.Tasks.TaskCompletionSource`1<Unity.Services.Authentication.Shared.ApiResponse`1<Unity.Services.Authentication.Generated.Player>>,UnityEngine.Networking.UnityWebRequest) (at ./Library/PackageCache/com.unity.services.authentication@c43f6f840fa0/Runtime/Network/AuthenticationWebRequestUtils.cs:112)
Unity.Services.Authentication.AuthenticationWebRequestUtils/<>c__DisplayClass1_0`1<Unity.Services.Authentication.Generated.Player>:<SendWebRequestAsync>b__1 (UnityEngine.AsyncOperation) (at ./Library/PackageCache/com.unity.services.authentication@c43f6f840fa0/Runtime/Network/AuthenticationWebRequestUtils.cs:46)
UnityEngine.AsyncOperation:InvokeCompletionEvent ()

(Filename: ./Library/PackageCache/com.unity.multiplayer.widgets@5e458f651b7a/Runtime/Session/Session/SessionManager.cs Line: 84)

Joined Session LHZxjErFaGnpyH5nJrGoBj
UnityEngine.Debug:ExtractStackTraceNoAlloc (byte*,int,string)
UnityEngine.StackTraceUtility:ExtractStackTrace ()
UnityEngine.DebugLogHandler:Internal_Log (UnityEngine.LogType,UnityEngine.LogOption,string,UnityEngine.Object)
UnityEngine.DebugLogHandler:LogFormat (UnityEngine.LogType,UnityEngine.Object,string,object[])
UnityEngine.Logger:Log (UnityEngine.LogType,object)
UnityEngine.Debug:Log (object)
Unity.Multiplayer.Widgets.SessionManager:set_ActiveSession (Unity.Services.Multiplayer.ISession) (at ./Library/PackageCache/com.unity.multiplayer.widgets@5e458f651b7a/Runtime/Session/Session/SessionManager.cs:34)
Unity.Multiplayer.Widgets.SessionManager/<EnterSession>d__14:MoveNext () (at ./Library/PackageCache/com.unity.multiplayer.widgets@5e458f651b7a/Runtime/Session/Session/SessionManager.cs:122)
System.Runtime.CompilerServices.AsyncMethodBuilderCore/MoveNextRunner:InvokeMoveNext (object)
System.Threading.ExecutionContext:RunInternal (System.Threading.ExecutionContext,System.Threading.ContextCallback,object,bool)
System.Threading.ExecutionContext:Run (System.Threading.ExecutionContext,System.Threading.ContextCallback,object,bool)
System.Runtime.CompilerServices.AsyncMethodBuilderCore/MoveNextRunner:Run ()
System.Threading.Tasks.AwaitTaskContinuation:InvokeAction (object)
System.Threading.Tasks.AwaitTaskContinuation:RunCallback (System.Threading.ContextCallback,object,System.Threading.Tasks.Task&)
System.Threading.Tasks.SynchronizationContextAwaitTaskContinuation:Run (System.Threading.Tasks.Task,bool)
System.Threading.Tasks.Task:FinishContinuations ()
System.Threading.Tasks.Task:FinishStageThree ()
System.Threading.Tasks.Task`1<Unity.Services.Multiplayer.ISession>:TrySetResult (Unity.Services.Multiplayer.ISession)
System.Runtime.CompilerServices.AsyncTaskMethodBuilder`1<Unity.Services.Multiplayer.ISession>:SetResult (Unity.Services.Multiplayer.ISession)
Unity.Services.Multiplayer.WrappedMultiplayerService/<MatchmakeSessionAsync>d__24:MoveNext () (at ./Library/PackageCache/com.unity.services.multiplayer@b65d52ffeb93/Runtime/Multiplayer/WrappedMultiplayerService.cs:129)
System.Runtime.CompilerServices.AsyncMethodBuilderCore/MoveNextRunner:InvokeMoveNext (object)
System.Threading.ExecutionContext:RunInternal (System.Threading.ExecutionContext,System.Threading.ContextCallback,object,bool)
System.Threading.ExecutionContext:Run (System.Threading.ExecutionContext,System.Threading.ContextCallback,object,bool)
System.Runtime.CompilerServices.AsyncMethodBuilderCore/MoveNextRunner:Run ()
System.Threading.Tasks.AwaitTaskContinuation:InvokeAction (object)
System.Threading.Tasks.AwaitTaskContinuation:RunCallback (System.Threading.ContextCallback,object,System.Threading.Tasks.Task&)
System.Threading.Tasks.SynchronizationContextAwaitTaskContinuation:Run (System.Threading.Tasks.Task,bool)
System.Threading.Tasks.Task:FinishContinuations ()
System.Threading.Tasks.Task:FinishStageThree ()
System.Threading.Tasks.Task`1<Unity.Services.Multiplayer.SessionHandler>:TrySetResult (Unity.Services.Multiplayer.SessionHandler)
System.Runtime.CompilerServices.AsyncTaskMethodBuilder`1<Unity.Services.Multiplayer.SessionHandler>:SetResult (Unity.Services.Multiplayer.SessionHandler)
Unity.Services.Multiplayer.SessionManager/<QuickJoinAsync>d__20:MoveNext () (at ./Library/PackageCache/com.unity.services.multiplayer@b65d52ffeb93/Runtime/Multiplayer/Session/SessionManager.cs:192)
System.Runtime.CompilerServices.AsyncMethodBuilderCore/MoveNextRunner:InvokeMoveNext (object)
System.Threading.ExecutionContext:RunInternal (System.Threading.ExecutionContext,System.Threading.ContextCallback,object,bool)
System.Threading.ExecutionContext:Run (System.Threading.ExecutionContext,System.Threading.ContextCallback,object,bool)
System.Runtime.CompilerServices.AsyncMethodBuilderCore/MoveNextRunner:Run ()
System.Threading.Tasks.AwaitTaskContinuation:InvokeAction (object)
System.Threading.Tasks.AwaitTaskContinuation:RunCallback (System.Threading.ContextCallback,object,System.Threading.Tasks.Task&)
System.Threading.Tasks.SynchronizationContextAwaitTaskContinuation:Run (System.Threading.Tasks.Task,bool)
System.Threading.Tasks.Task:FinishContinuations ()
System.Threading.Tasks.Task:FinishStageThree ()
System.Threading.Tasks.Task`1<Unity.Services.Multiplayer.SessionHandler>:TrySetResult (Unity.Services.Multiplayer.SessionHandler)
System.Runtime.CompilerServices.AsyncTaskMethodBuilder`1<Unity.Services.Multiplayer.SessionHandler>:SetResult (Unity.Services.Multiplayer.SessionHandler)
Unity.Services.Multiplayer.SessionManager/<SetupSessionAsync>d__23:MoveNext () (at ./Library/PackageCache/com.unity.services.multiplayer@b65d52ffeb93/Runtime/Multiplayer/Session/SessionManager.cs:261)
System.Runtime.CompilerServices.AsyncMethodBuilderCore/MoveNextRunner:InvokeMoveNext (object)
System.Threading.ExecutionContext:RunInternal (System.Threading.ExecutionContext,System.Threading.ContextCallback,object,bool)
System.Threading.ExecutionContext:Run (System.Threading.ExecutionContext,System.Threading.ContextCallback,object,bool)
System.Runtime.CompilerServices.AsyncMethodBuilderCore/MoveNextRunner:Run ()
System.Threading.Tasks.AwaitTaskContinuation:InvokeAction (object)
System.Threading.Tasks.AwaitTaskContinuation:RunCallback (System.Threading.ContextCallback,object,System.Threading.Tasks.Task&)
System.Threading.Tasks.SynchronizationContextAwaitTaskContinuation:Run (System.Threading.Tasks.Task,bool)
System.Threading.Tasks.Task:FinishContinuations ()
System.Threading.Tasks.Task:FinishStageThree ()
System.Threading.Tasks.Task`1<System.Threading.Tasks.VoidTaskResult>:TrySetResult (System.Threading.Tasks.VoidTaskResult)
System.Runtime.CompilerServices.AsyncTaskMethodBuilder`1<System.Threading.Tasks.VoidTaskResult>:SetResult (System.Threading.Tasks.VoidTaskResult)
System.Runtime.CompilerServices.AsyncTaskMethodBuilder`1<System.Threading.Tasks.VoidTaskResult>:SetResult (System.Threading.Tasks.Task`1<System.Threading.Tasks.VoidTaskResult>)
System.Runtime.CompilerServices.AsyncTaskMethodBuilder:SetResult ()
Unity.Services.Multiplayer.SessionHandler/<SavePlayerDataAsync>d__143:MoveNext () (at ./Library/PackageCache/com.unity.services.multiplayer@b65d52ffeb93/Runtime/Multiplayer/Session/SessionHandler.cs:940)
System.Runtime.CompilerServices.AsyncMethodBuilderCore/MoveNextRunner:InvokeMoveNext (object)
System.Threading.ExecutionContext:RunInternal (System.Threading.ExecutionContext,System.Threading.ContextCallback,object,bool)
System.Threading.ExecutionContext:Run (System.Threading.ExecutionContext,System.Threading.ContextCallback,object,bool)
System.Runtime.CompilerServices.AsyncMethodBuilderCore/MoveNextRunner:Run ()
System.Threading.Tasks.AwaitTaskContinuation:InvokeAction (object)
System.Threading.Tasks.AwaitTaskContinuation:RunCallback (System.Threading.ContextCallback,object,System.Threading.Tasks.Task&)
System.Threading.Tasks.SynchronizationContextAwaitTaskContinuation:Run (System.Threading.Tasks.Task,bool)
System.Threading.Tasks.Task:FinishContinuations ()
System.Threading.Tasks.Task:FinishStageThree ()
System.Threading.Tasks.Task`1<System.Threading.Tasks.VoidTaskResult>:TrySetResult (System.Threading.Tasks.VoidTaskResult)
System.Runtime.CompilerServices.AsyncTaskMethodBuilder`1<System.Threading.Tasks.VoidTaskResult>:SetResult (System.Threading.Tasks.VoidTaskResult)
System.Runtime.CompilerServices.AsyncTaskMethodBuilder`1<System.Threading.Tasks.VoidTaskResult>:SetResult (System.Threading.Tasks.Task`1<System.Threading.Tasks.VoidTaskResult>)
System.Runtime.CompilerServices.AsyncTaskMethodBuilder:SetResult ()
Unity.Services.Multiplayer.LobbyHandler/<UpdatePlayerAsync>d__89:MoveNext () (at ./Library/PackageCache/com.unity.services.multiplayer@b65d52ffeb93/Runtime/Multiplayer/Lobby/LobbyHandler.cs:519)
System.Runtime.CompilerServices.AsyncMethodBuilderCore/MoveNextRunner:InvokeMoveNext (object)
System.Threading.ExecutionContext:RunInternal (System.Threading.ExecutionContext,System.Threading.ContextCallback,object,bool)
System.Threading.ExecutionContext:Run (System.Threading.ExecutionContext,System.Threading.ContextCallback,object,bool)
System.Runtime.CompilerServices.AsyncMethodBuilderCore/MoveNextRunner:Run ()
System.Threading.Tasks.AwaitTaskContinuation:InvokeAction (object)
System.Threading.Tasks.AwaitTaskContinuation:RunCallback (System.Threading.ContextCallback,object,System.Threading.Tasks.Task&)
System.Threading.Tasks.SynchronizationContextAwaitTaskContinuation:Run (System.Threading.Tasks.Task,bool)
System.Threading.Tasks.Task:FinishContinuations ()
System.Threading.Tasks.Task:FinishStageThree ()
System.Threading.Tasks.Task`1<Unity.Services.Lobbies.Models.Lobby>:TrySetResult (Unity.Services.Lobbies.Models.Lobby)
System.Runtime.CompilerServices.AsyncTaskMethodBuilder`1<Unity.Services.Lobbies.Models.Lobby>:SetResult (Unity.Services.Lobbies.Models.Lobby)
Unity.Services.Lobbies.Internal.WrappedLobbyService/<UpdatePlayerAsync>d__34:MoveNext () (at ./Library/PackageCache/com.unity.services.multiplayer@b65d52ffeb93/Runtime/Lobbies/SDK/WrappedLobbyService.cs:402)
System.Runtime.CompilerServices.AsyncMethodBuilderCore/MoveNextRunner:InvokeMoveNext (object)
System.Threading.ExecutionContext:RunInternal (System.Threading.ExecutionContext,System.Threading.ContextCallback,object,bool)
System.Threading.ExecutionContext:Run (System.Threading.ExecutionContext,System.Threading.ContextCallback,object,bool)
System.Runtime.CompilerServices.AsyncMethodBuilderCore/MoveNextRunner:Run ()
System.Threading.Tasks.AwaitTaskContinuation:InvokeAction (object)
System.Threading.Tasks.AwaitTaskContinuation:RunCallback (System.Threading.ContextCallback,object,System.Threading.Tasks.Task&)
System.Threading.Tasks.SynchronizationContextAwaitTaskContinuation:Run (System.Threading.Tasks.Task,bool)
System.Threading.Tasks.Task:FinishContinuations ()
System.Threading.Tasks.Task:FinishStageThree ()
System.Threading.Tasks.Task`1<Unity.Services.Lobbies.Response`1<Unity.Services.Lobbies.Models.Lobby>>:TrySetResult (Unity.Services.Lobbies.Response`1<Unity.Services.Lobbies.Models.Lobby>)
System.Runtime.CompilerServices.AsyncTaskMethodBuilder`1<Unity.Services.Lobbies.Response`1<Unity.Services.Lobbies.Models.Lobby>>:SetResult (Unity.Services.Lobbies.Response`1<Unity.Services.Lobbies.Models.Lobby>)
Unity.Services.Lobbies.Internal.WrappedLobbyService/<TryCatchRequest>d__42`2<Unity.Services.Lobbies.Lobby.UpdatePlayerRequest, Unity.Services.Lobbies.Models.Lobby>:MoveNext () (at ./Library/PackageCache/com.unity.services.multiplayer@b65d52ffeb93/Runtime/Lobbies/SDK/WrappedLobbyService.cs:604)
System.Runtime.CompilerServices.AsyncMethodBuilderCore/MoveNextRunner:InvokeMoveNext (object)
System.Threading.ExecutionContext:RunInternal (System.Threading.ExecutionContext,System.Threading.ContextCallback,object,bool)
System.Threading.ExecutionContext:Run (System.Threading.ExecutionContext,System.Threading.ContextCallback,object,bool)
System.Runtime.CompilerServices.AsyncMethodBuilderCore/MoveNextRunner:Run ()
System.Threading.Tasks.AwaitTaskContinuation:InvokeAction (object)
System.Threading.Tasks.AwaitTaskContinuation:RunCallback (System.Threading.ContextCallback,object,System.Threading.Tasks.Task&)
System.Threading.Tasks.SynchronizationContextAwaitTaskContinuation:Run (System.Threading.Tasks.Task,bool)
System.Threading.Tasks.Task:FinishContinuations ()
System.Threading.Tasks.Task:FinishStageThree ()
System.Threading.Tasks.Task`1<Unity.Services.Lobbies.Response`1<Unity.Services.Lobbies.Models.Lobby>>:TrySetResult (Unity.Services.Lobbies.Response`1<Unity.Services.Lobbies.Models.Lobby>)
System.Runtime.CompilerServices.AsyncTaskMethodBuilder`1<Unity.Services.Lobbies.Response`1<Unity.Services.Lobbies.Models.Lobby>>:SetResult (Unity.Services.Lobbies.Response`1<Unity.Services.Lobbies.Models.Lobby>)
Unity.Services.Lobbies.Apis.Lobby.LobbyApiClient/<UpdatePlayerAsync>d__24:MoveNext () (at ./Library/PackageCache/com.unity.services.multiplayer@b65d52ffeb93/Runtime/Lobbies/Apis/LobbyApi.cs:732)
System.Runtime.CompilerServices.AsyncMethodBuilderCore/MoveNextRunner:InvokeMoveNext (object)
System.Threading.ExecutionContext:RunInternal (System.Threading.ExecutionContext,System.Threading.ContextCallback,object,bool)
System.Threading.ExecutionContext:Run (System.Threading.ExecutionContext,System.Threading.ContextCallback,object,bool)
System.Runtime.CompilerServices.AsyncMethodBuilderCore/MoveNextRunner:Run ()
System.Threading.Tasks.AwaitTaskContinuation:InvokeAction (object)
System.Threading.Tasks.AwaitTaskContinuation:RunCallback (System.Threading.ContextCallback,object,System.Threading.Tasks.Task&)
System.Threading.Tasks.SynchronizationContextAwaitTaskContinuation:Run (System.Threading.Tasks.Task,bool)
System.Threading.Tasks.Task:FinishContinuations ()
System.Threading.Tasks.Task:FinishStageThree ()
System.Threading.Tasks.Task`1<Unity.Services.Lobbies.Http.HttpClientResponse>:TrySetResult (Unity.Services.Lobbies.Http.HttpClientResponse)
System.Runtime.CompilerServices.AsyncTaskMethodBuilder`1<Unity.Services.Lobbies.Http.HttpClientResponse>:SetResult (Unity.Services.Lobbies.Http.HttpClientResponse)
Unity.Services.Lobbies.Http.HttpClient/<MakeRequestAsync>d__1:MoveNext () (at ./Library/PackageCache/com.unity.services.multiplayer@b65d52ffeb93/Runtime/Lobbies/Http/HttpClient.cs:41)
System.Runtime.CompilerServices.AsyncMethodBuilderCore/MoveNextRunner:InvokeMoveNext (object)
System.Threading.ExecutionContext:RunInternal (System.Threading.ExecutionContext,System.Threading.ContextCallback,object,bool)
System.Threading.ExecutionContext:Run (System.Threading.ExecutionContext,System.Threading.ContextCallback,object,bool)
System.Runtime.CompilerServices.AsyncMethodBuilderCore/MoveNextRunner:Run ()
System.Threading.Tasks.AwaitTaskContinuation:InvokeAction (object)
System.Threading.Tasks.AwaitTaskContinuation:RunCallback (System.Threading.ContextCallback,object,System.Threading.Tasks.Task&)
System.Threading.Tasks.SynchronizationContextAwaitTaskContinuation:Run (System.Threading.Tasks.Task,bool)
System.Threading.Tasks.Task:FinishContinuations ()
System.Threading.Tasks.Task:FinishStageThree ()
System.Threading.Tasks.Task`1<Unity.Services.Lobbies.Http.HttpClientResponse>:TrySetResult (Unity.Services.Lobbies.Http.HttpClientResponse)
System.Runtime.CompilerServices.AsyncTaskMethodBuilder`1<Unity.Services.Lobbies.Http.HttpClientResponse>:SetResult (Unity.Services.Lobbies.Http.HttpClientResponse)
Unity.Services.Lobbies.Http.HttpClient/<CreateWebRequestAsync>d__3:MoveNext () (at ./Library/PackageCache/com.unity.services.multiplayer@b65d52ffeb93/Runtime/Lobbies/Http/HttpClient.cs:56)
System.Runtime.CompilerServices.AsyncMethodBuilderCore/MoveNextRunner:InvokeMoveNext (object)
System.Threading.ExecutionContext:RunInternal (System.Threading.ExecutionContext,System.Threading.ContextCallback,object,bool)
System.Threading.ExecutionContext:Run (System.Threading.ExecutionContext,System.Threading.ContextCallback,object,bool)
System.Runtime.CompilerServices.AsyncMethodBuilderCore/MoveNextRunner:Run ()
System.Threading.Tasks.AwaitTaskContinuation:InvokeAction (object)
System.Threading.Tasks.AwaitTaskContinuation:RunCallback (System.Threading.ContextCallback,object,System.Threading.Tasks.Task&)
System.Threading.Tasks.SynchronizationContextAwaitTaskContinuation:Run (System.Threading.Tasks.Task,bool)
System.Threading.Tasks.Task:FinishContinuations ()
System.Threading.Tasks.Task:FinishStageThree ()
System.Threading.Tasks.Task`1<Unity.Services.Lobbies.Http.HttpClientResponse>:TrySetResult (Unity.Services.Lobbies.Http.HttpClientResponse)
System.Runtime.CompilerServices.AsyncTaskMethodBuilder`1<Unity.Services.Lobbies.Http.HttpClientResponse>:SetResult (Unity.Services.Lobbies.Http.HttpClientResponse)
Unity.Services.Lobbies.Http.HttpClient/<CreateHttpClientResponse>d__4:MoveNext () (at ./Library/PackageCache/com.unity.services.multiplayer@b65d52ffeb93/Runtime/Lobbies/Http/HttpClient.cs:84)
System.Runtime.CompilerServices.AsyncMethodBuilderCore/MoveNextRunner:InvokeMoveNext (object)
System.Threading.ExecutionContext:RunInternal (System.Threading.ExecutionContext,System.Threading.ContextCallback,object,bool)
System.Threading.ExecutionContext:Run (System.Threading.ExecutionContext,System.Threading.ContextCallback,object,bool)
System.Runtime.CompilerServices.AsyncMethodBuilderCore/MoveNextRunner:Run ()
System.Threading.Tasks.AwaitTaskContinuation:InvokeAction (object)
S

(Filename: ./Library/PackageCache/com.unity.multiplayer.widgets@5e458f651b7a/Runtime/Session/Session/SessionManager.cs Line: 34)

[LAYOUT] About to save layout Library/UserSettings/Layouts\layout_0010.wlt
Joined chat channel LHZxjErFaGnpyH5nJrGoBj
UnityEngine.Debug:ExtractStackTraceNoAlloc (byte*,int,string)
UnityEngine.StackTraceUtility:ExtractStackTrace ()
UnityEngine.DebugLogHandler:Internal_Log (UnityEngine.LogType,UnityEngine.LogOption,string,UnityEngine.Object)
UnityEngine.DebugLogHandler:LogFormat (UnityEngine.LogType,UnityEngine.Object,string,object[])
UnityEngine.Logger:Log (UnityEngine.LogType,object)
UnityEngine.Debug:Log (object)
Unity.Multiplayer.Widgets.VivoxManager/<OnChatJoined>d__24:MoveNext () (at ./Library/PackageCache/com.unity.multiplayer.widgets@5e458f651b7a/Runtime/Vivox/VivoxManager.cs:129)
System.Runtime.CompilerServices.AsyncVoidMethodBuilder:Start<Unity.Multiplayer.Widgets.VivoxManager/<OnChatJoined>d__24> (Unity.Multiplayer.Widgets.VivoxManager/<OnChatJoined>d__24&)
Unity.Multiplayer.Widgets.VivoxManager:OnChatJoined (string)
Unity.Multiplayer.Widgets.VivoxChatService:<InitializeAsync>b__20_0 (string) (at ./Library/PackageCache/com.unity.multiplayer.widgets@5e458f651b7a/Runtime/Core/Base/ChatService/Vivox/VivoxChatService.cs:30)
Unity.Services.Vivox.VivoxServiceInternal:OnChannelPropertyChanged (object,System.ComponentModel.PropertyChangedEventArgs) (at ./Library/PackageCache/com.unity.services.vivox@563fb2c43dc5/Runtime/VivoxServiceInternal.cs:1034)
Unity.Services.Vivox.ChannelSession:set_ChannelState (Unity.Services.Vivox.ConnectionState) (at ./Library/PackageCache/com.unity.services.vivox@563fb2c43dc5/Runtime/VivoxUnity/Private/ChannelSession.cs:911)
Unity.Services.Vivox.ChannelSession:CheckSessionConnection () (at ./Library/PackageCache/com.unity.services.vivox@563fb2c43dc5/Runtime/VivoxUnity/Private/ChannelSession.cs:85)
Unity.Services.Vivox.ChannelSession:HandleParticipantAdded (Unity.Services.Vivox.vx_evt_base_t) (at ./Library/PackageCache/com.unity.services.vivox@563fb2c43dc5/Runtime/VivoxUnity/Private/ChannelSession.cs:220)
Unity.Services.Vivox.ChannelSession:InstanceOnEventMessageReceived (Unity.Services.Vivox.vx_evt_base_t) (at ./Library/PackageCache/com.unity.services.vivox@563fb2c43dc5/Runtime/VivoxUnity/Private/ChannelSession.cs:123)
Unity.Services.Vivox.VxClient:InstanceOnMainLoopRun (bool&) (at ./Library/PackageCache/com.unity.services.vivox@563fb2c43dc5/Runtime/VivoxUnity/VxClient.cs:170)
Unity.Services.Vivox.MessagePump:RunOnce () (at ./Library/PackageCache/com.unity.services.vivox@563fb2c43dc5/Runtime/VivoxUnity/MessagePump.cs:51)
Unity.Services.Vivox.MessagePump:RunUntil (System.Func`1<bool>) (at ./Library/PackageCache/com.unity.services.vivox@563fb2c43dc5/Runtime/VivoxUnity/MessagePump.cs:34)
Unity.Services.Vivox.Client:RunOnce () (at ./Library/PackageCache/com.unity.services.vivox@563fb2c43dc5/Runtime/VivoxUnity/Client.cs:393)
Unity.Services.Vivox.VxUnityInterop/<VivoxUnityRun>d__6:MoveNext () (at ./Library/PackageCache/com.unity.services.vivox@563fb2c43dc5/Runtime/VivoxUnity/VxUnityInterop.cs:69)
UnityEngine.SetupCoroutine:InvokeMoveNext (System.Collections.IEnumerator,intptr)

(Filename: ./Library/PackageCache/com.unity.multiplayer.widgets@5e458f651b7a/Runtime/Vivox/VivoxManager.cs Line: 129)

[Multiplayer]: NetworkManagerSession.OnStopCompleted: Called from outside of the session.
UnityEngine.Debug:ExtractStackTraceNoAlloc (byte*,int,string)
UnityEngine.StackTraceUtility:ExtractStackTrace ()
UnityEngine.DebugLogHandler:Internal_Log (UnityEngine.LogType,UnityEngine.LogOption,string,UnityEngine.Object)
UnityEngine.DebugLogHandler:LogFormat (UnityEngine.LogType,UnityEngine.Object,string,object[])
UnityEngine.Logger:Log (UnityEngine.LogType,string,object)
Unity.Services.Multiplayer.Logger:Log (UnityEngine.LogType,object) (at ./Library/PackageCache/com.unity.services.multiplayer@b65d52ffeb93/Runtime/Multiplayer/Utils/Logger.cs:18)
Unity.Services.Multiplayer.Logger:LogWarning (object) (at ./Library/PackageCache/com.unity.services.multiplayer@b65d52ffeb93/Runtime/Multiplayer/Utils/Logger.cs:28)
Unity.Services.Multiplayer.Logger:LogCallWarning (string,string,string) (at ./Library/PackageCache/com.unity.services.multiplayer@b65d52ffeb93/Runtime/Multiplayer/Utils/Logger.cs:33)
Unity.Services.Multiplayer.NetworkManagerSession/<OnStopCompleted>d__25:MoveNext () (at ./Library/PackageCache/com.unity.services.multiplayer@b65d52ffeb93/Runtime/Multiplayer/Modules/Network/Handlers/NetworkHandler/NetworkManagerSession.cs:220)
System.Runtime.CompilerServices.AsyncTaskMethodBuilder:Start<Unity.Services.Multiplayer.NetworkManagerSession/<OnStopCompleted>d__25> (Unity.Services.Multiplayer.NetworkManagerSession/<OnStopCompleted>d__25&)
Unity.Services.Multiplayer.NetworkManagerSession:OnStopCompleted ()
Unity.Services.Multiplayer.NetworkManagerSession/<OnManagerStopped>d__35:MoveNext () (at ./Library/PackageCache/com.unity.services.multiplayer@b65d52ffeb93/Runtime/Multiplayer/Modules/Network/Handlers/NetworkHandler/NetworkManagerSession.cs:372)
System.Runtime.CompilerServices.AsyncVoidMethodBuilder:Start<Unity.Services.Multiplayer.NetworkManagerSession/<OnManagerStopped>d__35> (Unity.Services.Multiplayer.NetworkManagerSession/<OnManagerStopped>d__35&)
Unity.Services.Multiplayer.NetworkManagerSession:OnManagerStopped (bool)
Unity.Netcode.NetworkManager:ShutdownInternal () (at ./Library/PackageCache/com.unity.netcode.gameobjects@bd2a018756ed/Runtime/Core/NetworkManager.cs:1655)
Unity.Netcode.NetworkManager:NetworkUpdate (Unity.Netcode.NetworkUpdateStage) (at ./Library/PackageCache/com.unity.netcode.gameobjects@bd2a018756ed/Runtime/Core/NetworkManager.cs:493)
Unity.Netcode.NetworkUpdateLoop:RunNetworkUpdateStage (Unity.Netcode.NetworkUpdateStage) (at ./Library/PackageCache/com.unity.netcode.gameobjects@bd2a018756ed/Runtime/Core/NetworkUpdateLoop.cs:191)
Unity.Netcode.NetworkUpdateLoop/NetworkPostLateUpdate/<>c:<CreateLoopSystem>b__0_0 () (at ./Library/PackageCache/com.unity.netcode.gameobjects@bd2a018756ed/Runtime/Core/NetworkUpdateLoop.cs:286)

(Filename: ./Library/PackageCache/com.unity.services.multiplayer@b65d52ffeb93/Runtime/Multiplayer/Modules/Network/Handlers/NetworkHandler/NetworkManagerSession.cs Line: 220)

[Multiplayer]: NetworkManagerSession.StopAsync: Called after dispose.
UnityEngine.Debug:ExtractStackTraceNoAlloc (byte*,int,string)
UnityEngine.StackTraceUtility:ExtractStackTrace ()
UnityEngine.DebugLogHandler:Internal_Log (UnityEngine.LogType,UnityEngine.LogOption,string,UnityEngine.Object)
UnityEngine.DebugLogHandler:LogFormat (UnityEngine.LogType,UnityEngine.Object,string,object[])
UnityEngine.Logger:Log (UnityEngine.LogType,string,object)
Unity.Services.Multiplayer.Logger:Log (UnityEngine.LogType,object) (at ./Library/PackageCache/com.unity.services.multiplayer@b65d52ffeb93/Runtime/Multiplayer/Utils/Logger.cs:18)
Unity.Services.Multiplayer.Logger:LogWarning (object) (at ./Library/PackageCache/com.unity.services.multiplayer@b65d52ffeb93/Runtime/Multiplayer/Utils/Logger.cs:28)
Unity.Services.Multiplayer.Logger:LogCallWarning (string,string,string) (at ./Library/PackageCache/com.unity.services.multiplayer@b65d52ffeb93/Runtime/Multiplayer/Utils/Logger.cs:33)
Unity.Services.Multiplayer.NetworkManagerSession/<StopAsync>d__24:MoveNext () (at ./Library/PackageCache/com.unity.services.multiplayer@b65d52ffeb93/Runtime/Multiplayer/Modules/Network/Handlers/NetworkHandler/NetworkManagerSession.cs:163)
System.Runtime.CompilerServices.AsyncTaskMethodBuilder:Start<Unity.Services.Multiplayer.NetworkManagerSession/<StopAsync>d__24> (Unity.Services.Multiplayer.NetworkManagerSession/<StopAsync>d__24&)
Unity.Services.Multiplayer.NetworkManagerSession:StopAsync ()
Unity.Services.Multiplayer.GameObjectsNetcodeNetworkHandler/<StopAsync>d__3:MoveNext () (at ./Library/PackageCache/com.unity.services.multiplayer@b65d52ffeb93/Runtime/Multiplayer/Modules/Network/Handlers/NetworkHandler/GameObjectsNetcodeNetworkHandler.cs:105)
System.Runtime.CompilerServices.AsyncTaskMethodBuilder:Start<Unity.Services.Multiplayer.GameObjectsNetcodeNetworkHandler/<StopAsync>d__3> (Unity.Services.Multiplayer.GameObjectsNetcodeNetworkHandler/<StopAsync>d__3&)
Unity.Services.Multiplayer.GameObjectsNetcodeNetworkHandler:StopAsync ()
Unity.Services.Multiplayer.NetworkModule/<ResetAsync>d__78:MoveNext () (at ./Library/PackageCache/com.unity.services.multiplayer@b65d52ffeb93/Runtime/Multiplayer/Modules/Network/NetworkModule.cs:702)
System.Runtime.CompilerServices.AsyncTaskMethodBuilder:Start<Unity.Services.Multiplayer.NetworkModule/<ResetAsync>d__78> (Unity.Services.Multiplayer.NetworkModule/<ResetAsync>d__78&)
Unity.Services.Multiplayer.NetworkModule:ResetAsync ()
Unity.Services.Multiplayer.NetworkModule/<Unity-Services-Multiplayer-IModule-LeaveAsync>d__55:MoveNext () (at ./Library/PackageCache/com.unity.services.multiplayer@b65d52ffeb93/Runtime/Multiplayer/Modules/Network/NetworkModule.cs:123)
System.Runtime.CompilerServices.AsyncTaskMethodBuilder:Start<Unity.Services.Multiplayer.NetworkModule/<Unity-Services-Multiplayer-IModule-LeaveAsync>d__55> (Unity.Services.Multiplayer.NetworkModule/<Unity-Services-Multiplayer-IModule-LeaveAsync>d__55&)
Unity.Services.Multiplayer.NetworkModule:Unity.Services.Multiplayer.IModule.LeaveAsync ()
Unity.Services.Multiplayer.SessionHandler/<LeaveModulesAsync>d__132:MoveNext () (at ./Library/PackageCache/com.unity.services.multiplayer@b65d52ffeb93/Runtime/Multiplayer/Session/SessionHandler.cs:752)
System.Runtime.CompilerServices.AsyncTaskMethodBuilder:Start<Unity.Services.Multiplayer.SessionHandler/<LeaveModulesAsync>d__132> (Unity.Services.Multiplayer.SessionHandler/<LeaveModulesAsync>d__132&)
Unity.Services.Multiplayer.SessionHandler:LeaveModulesAsync ()
Unity.Services.Multiplayer.SessionHandler/<LeaveAsync>d__133:MoveNext () (at ./Library/PackageCache/com.unity.services.multiplayer@b65d52ffeb93/Runtime/Multiplayer/Session/SessionHandler.cs:794)
System.Runtime.CompilerServices.AsyncTaskMethodBuilder:Start<Unity.Services.Multiplayer.SessionHandler/<LeaveAsync>d__133> (Unity.Services.Multiplayer.SessionHandler/<LeaveAsync>d__133&)
Unity.Services.Multiplayer.SessionHandler:LeaveAsync ()
Unity.Services.Multiplayer.SessionHandler/<OnQuitting>d__166:MoveNext () (at ./Library/PackageCache/com.unity.services.multiplayer@b65d52ffeb93/Runtime/Multiplayer/Session/SessionHandler.cs:1235)
System.Runtime.CompilerServices.AsyncVoidMethodBuilder:Start<Unity.Services.Multiplayer.SessionHandler/<OnQuitting>d__166> (Unity.Services.Multiplayer.SessionHandler/<OnQuitting>d__166&)
Unity.Services.Multiplayer.SessionHandler:OnQuitting ()
UnityEngine.Application:Internal_ApplicationQuit ()

(Filename: ./Library/PackageCache/com.unity.services.multiplayer@b65d52ffeb93/Runtime/Multiplayer/Modules/Network/Handlers/NetworkHandler/NetworkManagerSession.cs Line: 163)

Unloading 3 Unused Serialized files (Serialized files now loaded: 0)
Loaded scene 'Temp/__Backupscenes/0.backup'
	Deserialize:            2.883 ms
	Integration:            293.464 ms
	Integration of assets:  0.001 ms
	Thread Wait Time:       0.008 ms
	Total Operation Time:   296.356 ms
Unloading 10634 unused Assets / (3.8 MB). Loaded Objects now: 12461.
Memory consumption went from 424.8 MB to 421.0 MB.
Total: 17.344700 ms (FindLiveObjects: 1.011800 ms CreateObjectMapping: 0.777800 ms MarkObjects: 12.969300 ms  DeleteObjects: 2.585300 ms)

[LAYOUT] About to load Library/UserSettings/Layouts\layout_0010.wlt, keepMainWindow=False
[LAYOUT] About to save layout Library/UserSettings/Layouts\layout_0010.wlt
UPID Received 'd317d5c5-b1f8-4052-97a9-638f4389e5db'.
[LAYOUT] About to save layout Library/UserSettings/Layouts\layout_0010.wlt
