[Licensing::Module] Trying to connect to existing licensing client channel...
Built from '6000.0/respin/6000.0.59f1-063c55f2fd0f' branch; Version is '6000.0.59f2 (ef281c76c3c1) revision 15673372'; Using compiler version '193933523'; Build Type 'Release'
OS: 'Windows 11  (10.0.26100) 64bit Education' Language: 'en' Physical Memory: 32464 MB
[Licensing::IpcConnector] Successfully connected to: "LicenseClient-k2146909" at "2025-11-27T15:29:27.5729752Z"
BatchMode: 0, IsHumanControllingUs: 1, StartBugReporterOnCrash: 1, Is64bit: 1
Date: 2025-11-27T15:29:27Z

COMMAND LINE ARGUMENTS:
C:\Program Files\Unity\Hub\Editor\6000.0.59f2\Editor\Unity.exe
-editor-mode
com.unity.mppm.clone
-no-cloud-project-bind-popup
-noLaunchScreen
-library-redirect
../..
-readonly
-noUpm
-upmRestorePackages
-name
Player 2
-projectPath
C:\Users\k2146909\Camping Game\Library\VP\mppm28e7b260
--virtual-project-clone
-forgetProjectPath
-library-redirect
../..
-readonly
-DisableDirectoryMonitor
-noUpm
-upmRestorePackages
-noMainWindow
-suppressDefaultMenuEntries
-logFile
C:\Users\k2146909\Camping Game\Library\VP\mppm28e7b260\Logs\Editor.log
-vp-channel-name=vp-channel
-ump-channel-service-port
63564
-mainProcessId=16628
-vpId=mppm28e7b260
-buildTarget
StandaloneWindows64
-standaloneBuildSubtarget
Player
Successfully changed project path to: C:\Users\k2146909\Camping Game\Library\VP\mppm28e7b260
C:/Users/k2146909/Camping Game/Library/VP/mppm28e7b260
[UnityMemory] Configuration Parameters - Can be set up in boot.config
    "memorysetup-bucket-allocator-granularity=16"
    "memorysetup-bucket-allocator-bucket-count=8"
    "memorysetup-bucket-allocator-block-size=33554432"
    "memorysetup-bucket-allocator-block-count=8"
    "memorysetup-main-allocator-block-size=16777216"
    "memorysetup-thread-allocator-block-size=16777216"
    "memorysetup-gfx-main-allocator-block-size=16777216"
    "memorysetup-gfx-thread-allocator-block-size=16777216"
    "memorysetup-cache-allocator-block-size=4194304"
    "memorysetup-typetree-allocator-block-size=2097152"
    "memorysetup-profiler-bucket-allocator-granularity=16"
    "memorysetup-profiler-bucket-allocator-bucket-count=8"
    "memorysetup-profiler-bucket-allocator-block-size=33554432"
    "memorysetup-profiler-bucket-allocator-block-count=8"
    "memorysetup-profiler-allocator-block-size=16777216"
    "memorysetup-profiler-editor-allocator-block-size=1048576"
    "memorysetup-temp-allocator-size-main=16777216"
    "memorysetup-job-temp-allocator-block-size=2097152"
    "memorysetup-job-temp-allocator-block-size-background=1048576"
    "memorysetup-job-temp-allocator-reduction-small-platforms=262144"
    "memorysetup-allocator-temp-initial-block-size-main=262144"
    "memorysetup-allocator-temp-initial-block-size-worker=262144"
    "memorysetup-temp-allocator-size-background-worker=32768"
    "memorysetup-temp-allocator-size-job-worker=262144"
    "memorysetup-temp-allocator-size-preload-manager=33554432"
    "memorysetup-temp-allocator-size-nav-mesh-worker=65536"
    "memorysetup-temp-allocator-size-audio-worker=65536"
    "memorysetup-temp-allocator-size-cloud-worker=32768"
    "memorysetup-temp-allocator-size-gi-baking-worker=262144"
    "memorysetup-temp-allocator-size-gi-baking-worker=262144"
    "memorysetup-temp-allocator-size-gi-baking-worker=262144"
    "memorysetup-temp-allocator-size-gi-baking-worker=262144"
    "memorysetup-temp-allocator-size-gi-baking-worker=262144"
    "memorysetup-temp-allocator-size-gfx=262144"
Player connection [37212]  Target information:

Player connection [37212]  * "[IP] 10.145.125.97 [Port] 55505 [Flags] 2 [Guid] 1168050318 [EditorId] 1168050318 [Version] 1048832 [Id] WindowsEditor(7,PPRSB1026-D06) [Debug] 1 [PackageName] WindowsEditor [ProjectName] Editor" 

Player connection [37212] Host joined multi-casting on [225.0.0.222:54997]...
Player connection [37212] Host joined alternative multi-casting on [225.0.0.222:34997]...
Input System module state changed to: Initialized.
[Physics::Module] Initialized fallback backend.
[Physics::Module] Id: 0xdecafbad
[Licensing::Client] Code 10 while verifying Licensing Client signature (process Id: 6968, path: "C:/Apps/Unity Hub/UnityLicensingClient_V1/Unity.Licensing.Client.exe")
[Licensing::Module] LicensingClient has failed validation; ignoring
[Licensing::Client] Error: HandshakeResponse reported an error:
	ResponseCode: 505
	ResponseStatus: Unsupported protocol version '1.17.2'.
[Licensing::Module] Error: Failed to handshake to channel: "LicenseClient-k2146909"
[Licensing::IpcConnector] LicenseClient-k2146909 channel disconnected successfully.
[Licensing::IpcConnector] Successfully connected to: "LicenseClient-k2146909-6000.0.59" at "2025-11-27T15:29:27.7295504Z"
[Licensing::Client] Code 10 while verifying Licensing Client signature (process Id: 32320, path: "C:/Program Files/Unity/Hub/Editor/6000.0.59f2/Editor/Data/Resources/Licensing/Client/Unity.Licensing.Client.exe")
[Licensing::Module] LicensingClient has failed validation; ignoring
Library Redirect Path: ../../
[Licensing::Client] Handshaking with LicensingClient:
  Version:                 1.17.2+ff71f16
  Session Id:              63c8cd9adc70427ea9d709a01715f06e
  Correlation Id:          f63d2cbb457c4037ff6ccea8e61f400a
  External correlation Id: 6283574805949809423
  Machine Id:              dMT72PnycGAo06gBGSvoykA4MgU=
[Licensing::Module] Successfully connected to LicensingClient on channel: "LicenseClient-k2146909-6000.0.59" (connect: 0.00s, validation: 0.01s, handshake: 0.03s)
[Licensing::IpcConnector] Successfully connected to: "LicenseClient-k2146909-6000.0.59-notifications" at "2025-11-27T15:29:27.7750443Z"
[Licensing::Module] Error: Access token is unavailable; failed to update
[Licensing::Client] Successfully resolved entitlement details
[Licensing::Module] License group:
  Id: F4-W3RF-DV69-ZJQW-B8PB-XXXX
  Product: Unity Personal
  Type: ULF
  Expiration: Unlimited
[Licensing::Module] License group:
  Id: 5773712453264-UnityPersXXXX
  Product: Unity Personal
  Type: Assigned
  Expiration: Unlimited
[Licensing::Client] Successfully updated license, isAsync: True, time: 0.01
[Licensing::Client] Successfully resolved entitlement details
[Licensing::Module] License group:
  Id: F4-W3RF-DV69-ZJQW-B8PB-XXXX
  Product: Unity Personal
  Type: ULF
  Expiration: Unlimited
[Licensing::Module] License group:
  Id: 5773712453264-UnityPersXXXX
  Product: Unity Personal
  Type: Assigned
  Expiration: Unlimited
[Licensing::Module] Licensing Background thread has ended after 0.28s
[Physics::Module] Selected backend.
[Physics::Module] Name: PhysX
[Physics::Module] Id: 0xf2b8ea05
[Physics::Module] SDK Version: 4.1.2
[Physics::Module] Integration Version: 1.0.0
[Physics::Module] Threading Mode: Multi-Threaded
Targeting platform: StandaloneWindows64
Refreshing native plugins compatible for Editor in 0.45 ms, found 0 plugins.
Preloading 0 native plugins for Editor in 0.00 ms.
Initialize engine version: 6000.0.59f2 (ef281c76c3c1)
[Subsystems] Discovering subsystems at path C:/Program Files/Unity/Hub/Editor/6000.0.59f2/Editor/Data/Resources/UnitySubsystems
[Subsystems] Discovering subsystems at path C:/Users/k2146909/Camping Game/Library/VP/mppm28e7b260/Assets
kGfxThreadingModeSplitJobs is not supported on Direct3D 11. Reverting to kGfxThreadingModeThreaded instead.
GfxDevice: creating device client; kGfxThreadingModeThreaded
Direct3D:
    Version:  Direct3D 11.0 [level 11.1]
    Renderer: NVIDIA GeForce RTX 3090 (ID=0x2204)
    Vendor:   NVIDIA
    VRAM:     24326 MB
    Driver:   32.0.15.8104
Initialize mono
Mono path[0] = 'C:/Program Files/Unity/Hub/Editor/6000.0.59f2/Editor/Data/Managed'
Mono path[1] = 'C:/Program Files/Unity/Hub/Editor/6000.0.59f2/Editor/Data/MonoBleedingEdge/lib/mono/unityjit-win32'
Mono config path = 'C:/Program Files/Unity/Hub/Editor/6000.0.59f2/Editor/Data/MonoBleedingEdge/etc'
Using monoOptions --debugger-agent=transport=dt_socket,embedding=1,server=y,suspend=n,address=127.0.0.1:56148
Using cacheserver namespaces - metadata:defaultmetadata, artifacts:defaultartifacts
Using cacheserver namespaces - metadata:defaultmetadata, artifacts:defaultartifacts
ImportWorker Server TCP listen port: 0
AcceleratorClientConnectionCallback - disconnected - :0
Begin MonoManager ReloadAssembly
Registering precompiled unity dll's ...
Register platform support module: C:/Program Files/Unity/Hub/Editor/6000.0.59f2/Editor/Data/PlaybackEngines/WebGLSupport/UnityEditor.WebGL.Extensions.dll
Register platform support module: C:/Program Files/Unity/Hub/Editor/6000.0.59f2/Editor/Data/PlaybackEngines/WindowsStandaloneSupport/UnityEditor.WindowsStandalone.Extensions.dll
[Licensing::Client] Successfully resolved entitlement details
[Licensing::Module] License group:
  Id: F4-W3RF-DV69-ZJQW-B8PB-XXXX
  Product: Unity Personal
  Type: ULF
  Expiration: Unlimited
[Licensing::Module] License group:
  Id: 5773712453264-UnityPersXXXX
  Product: Unity Personal
  Type: Assigned
  Expiration: Unlimited
Register platform support module: C:/Program Files/Unity/Hub/Editor/6000.0.59f2/Editor/Data/PlaybackEngines/MetroSupport/UnityEditor.UWP.Extensions.dll
[Licensing::Client] Successfully resolved entitlement details
[Licensing::Module] License group:
  Id: F4-W3RF-DV69-ZJQW-B8PB-XXXX
  Product: Unity Personal
  Type: ULF
  Expiration: Unlimited
[Licensing::Module] License group:
  Id: 5773712453264-UnityPersXXXX
  Product: Unity Personal
  Type: Assigned
  Expiration: Unlimited
Register platform support module: C:/Program Files/Unity/Hub/Editor/6000.0.59f2/Editor/Data/PlaybackEngines/AndroidPlayer/UnityEditor.Android.Extensions.dll
Registered in 0.060626 seconds.
- Loaded All Assemblies, in  0.921 seconds
Native extension for Android target not found
Native extension for UWP target not found
Native extension for WindowsStandalone target not found
Native extension for WebGL target not found
Mono: successfully reloaded assembly
- Finished resetting the current domain, in  0.318 seconds
Domain Reload Profiling: 1239ms
	BeginReloadAssembly (390ms)
		ExecutionOrderSort (0ms)
		DisableScriptedObjects (0ms)
		BackupInstance (0ms)
		ReleaseScriptingObjects (0ms)
		CreateAndSetChildDomain (1ms)
	RebuildCommonClasses (140ms)
	RebuildNativeTypeToScriptingClass (8ms)
	initialDomainReloadingComplete (95ms)
	LoadAllAssembliesAndSetupDomain (288ms)
		LoadAssemblies (400ms)
		RebuildTransferFunctionScriptingTraits (0ms)
		AnalyzeDomain (275ms)
			TypeCache.Refresh (274ms)
				TypeCache.ScanAssembly (258ms)
			BuildScriptInfoCaches (0ms)
			ResolveRequiredComponents (1ms)
	FinalizeReload (318ms)
		ReleaseScriptCaches (0ms)
		RebuildScriptCaches (0ms)
		SetupLoadedEditorAssemblies (293ms)
			LogAssemblyErrors (0ms)
			InitializePlatformSupportModulesInManaged (111ms)
			SetLoadedEditorAssemblies (3ms)
			BeforeProcessingInitializeOnLoad (38ms)
			ProcessInitializeOnLoadAttributes (89ms)
			ProcessInitializeOnLoadMethodAttributes (53ms)
			AfterProcessingInitializeOnLoad (0ms)
			EditorAssembliesLoaded (0ms)
		ExecutionOrderSort2 (0ms)
		AwakeInstancesAfterBackupRestoration (0ms)
[Licensing::Client] Successfully resolved entitlement details
[Licensing::Module] License group:
  Id: F4-W3RF-DV69-ZJQW-B8PB-XXXX
  Product: Unity Personal
  Type: ULF
  Expiration: Unlimited
[Licensing::Module] License group:
  Id: 5773712453264-UnityPersXXXX
  Product: Unity Personal
  Type: Assigned
  Expiration: Unlimited
Application.AssetDatabase Initial Refresh Start
Package Manager log level set to [2]
[Package Manager] Restoring resolved packages state from cache
[Licensing::Client] Successfully resolved entitlement details
[Package Manager] Registered 73 packages:
  Packages from [https://packages.unity.com]:
    com.unity.ai.navigation@2.0.9 (location: C:\Users\k2146909\Camping Game\Library\PackageCache\com.unity.ai.navigation@5218e4bf7edc)
    com.unity.collab-proxy@2.10.2 (location: C:\Users\k2146909\Camping Game\Library\PackageCache\com.unity.collab-proxy@3351acaba9c9)
    com.unity.ide.rider@3.0.38 (location: C:\Users\k2146909\Camping Game\Library\PackageCache\com.unity.ide.rider@1f60b3138684)
    com.unity.ide.visualstudio@2.0.23 (location: C:\Users\k2146909\Camping Game\Library\PackageCache\com.unity.ide.visualstudio@198cdf337d13)
    com.unity.inputsystem@1.14.2 (location: C:\Users\k2146909\Camping Game\Library\PackageCache\com.unity.inputsystem@be6c4fd0abf5)
    com.unity.multiplayer.center.quickstart@1.1.1 (location: C:\Users\k2146909\Camping Game\Library\PackageCache\com.unity.multiplayer.center.quickstart@c025a98340af)
    com.unity.multiplayer.playmode@1.6.2 (location: C:\Users\k2146909\Camping Game\Library\PackageCache\com.unity.multiplayer.playmode@96fe8db2c047)
    com.unity.multiplayer.tools@2.2.6 (location: C:\Users\k2146909\Camping Game\Library\PackageCache\com.unity.multiplayer.tools@8395f16a9a9a)
    com.unity.multiplayer.widgets@1.0.5 (location: C:\Users\k2146909\Camping Game\Library\PackageCache\com.unity.multiplayer.widgets@5e458f651b7a)
    com.unity.netcode.gameobjects@2.7.0 (location: C:\Users\k2146909\Camping Game\Library\PackageCache\com.unity.netcode.gameobjects@bd2a018756ed)
    com.unity.services.multiplayer@1.2.0 (location: C:\Users\k2146909\Camping Game\Library\PackageCache\com.unity.services.multiplayer@b65d52ffeb93)
    com.unity.services.vivox@16.7.0 (location: C:\Users\k2146909\Camping Game\Library\PackageCache\com.unity.services.vivox@563fb2c43dc5)
    com.unity.timeline@1.8.9 (location: C:\Users\k2146909\Camping Game\Library\PackageCache\com.unity.timeline@6b9e48457ddb)
    com.unity.visualscripting@1.9.7 (location: C:\Users\k2146909\Camping Game\Library\PackageCache\com.unity.visualscripting@6279e2b7c485)
    com.unity.settings-manager@2.1.0 (location: C:\Users\k2146909\Camping Game\Library\PackageCache\com.unity.settings-manager@41738c275190)
    com.unity.nuget.newtonsoft-json@3.2.1 (location: C:\Users\k2146909\Camping Game\Library\PackageCache\com.unity.nuget.newtonsoft-json@74deb55db2a0)
    com.unity.collections@2.5.1 (location: C:\Users\k2146909\Camping Game\Library\PackageCache\com.unity.collections@56bff8827a7e)
    com.unity.services.qos@1.3.0 (location: C:\Users\k2146909\Camping Game\Library\PackageCache\com.unity.services.qos@f4a3648d24d3)
    com.unity.services.core@1.15.1 (location: C:\Users\k2146909\Camping Game\Library\PackageCache\com.unity.services.core@874e9d230d57)
    com.unity.services.wire@1.4.0 (location: C:\Users\k2146909\Camping Game\Library\PackageCache\com.unity.services.wire@2d36cce58c62)
    com.unity.services.deployment@1.6.2 (location: C:\Users\k2146909\Camping Game\Library\PackageCache\com.unity.services.deployment@3b0f19f59670)
    com.unity.services.authentication@3.5.1 (location: C:\Users\k2146909\Camping Game\Library\PackageCache\com.unity.services.authentication@c43f6f840fa0)
    com.unity.transport@2.6.0 (location: C:\Users\k2146909\Camping Game\Library\PackageCache\com.unity.transport@6e74a0e6481d)
    com.unity.nuget.mono-cecil@1.11.4 (location: C:\Users\k2146909\Camping Game\Library\PackageCache\com.unity.nuget.mono-cecil@d6f9955a5d5f)
    com.unity.burst@1.8.25 (location: C:\Users\k2146909\Camping Game\Library\PackageCache\com.unity.burst@1df634d836b8)
    com.unity.mathematics@1.3.2 (location: C:\Users\k2146909\Camping Game\Library\PackageCache\com.unity.mathematics@8017b507cc74)
    com.unity.profiling.core@1.0.2 (location: C:\Users\k2146909\Camping Game\Library\PackageCache\com.unity.profiling.core@aac7b93912bc)
    com.unity.services.deployment.api@1.1.2 (location: C:\Users\k2146909\Camping Game\Library\PackageCache\com.unity.services.deployment.api@3c4a519a9319)
    com.unity.test-framework.performance@3.2.0 (location: C:\Users\k2146909\Camping Game\Library\PackageCache\com.unity.test-framework.performance@0840f58e4562)
    com.unity.searcher@4.9.3 (location: C:\Users\k2146909\Camping Game\Library\PackageCache\com.unity.searcher@1e17ce91558d)
  Built-in packages:
    com.unity.multiplayer.center@1.0.0 (location: C:\Users\k2146909\Camping Game\Library\PackageCache\com.unity.multiplayer.center@f3fb577b3546)
    com.unity.render-pipelines.universal@17.0.4 (location: C:\Users\k2146909\Camping Game\Library\PackageCache\com.unity.render-pipelines.universal@2a2241f53fcd)
    com.unity.test-framework@1.6.0 (location: C:\Users\k2146909\Camping Game\Library\PackageCache\com.unity.test-framework@0baaad2f700c)
    com.unity.ugui@2.0.0 (location: C:\Users\k2146909\Camping Game\Library\PackageCache\com.unity.ugui@23b1a4ff749d)
    com.unity.modules.accessibility@1.0.0 (location: C:\Program Files\Unity\Hub\Editor\6000.0.59f2\Editor\Data\Resources\PackageManager\BuiltInPackages\com.unity.modules.accessibility)
    com.unity.modules.ai@1.0.0 (location: C:\Program Files\Unity\Hub\Editor\6000.0.59f2\Editor\Data\Resources\PackageManager\BuiltInPackages\com.unity.modules.ai)
    com.unity.modules.androidjni@1.0.0 (location: C:\Program Files\Unity\Hub\Editor\6000.0.59f2\Editor\Data\Resources\PackageManager\BuiltInPackages\com.unity.modules.androidjni)
    com.unity.modules.animation@1.0.0 (location: C:\Program Files\Unity\Hub\Editor\6000.0.59f2\Editor\Data\Resources\PackageManager\BuiltInPackages\com.unity.modules.animation)
    com.unity.modules.assetbundle@1.0.0 (location: C:\Program Files\Unity\Hub\Editor\6000.0.59f2\Editor\Data\Resources\PackageManager\BuiltInPackages\com.unity.modules.assetbundle)
    com.unity.modules.audio@1.0.0 (location: C:\Program Files\Unity\Hub\Editor\6000.0.59f2\Editor\Data\Resources\PackageManager\BuiltInPackages\com.unity.modules.audio)
    com.unity.modules.cloth@1.0.0 (location: C:\Program Files\Unity\Hub\Editor\6000.0.59f2\Editor\Data\Resources\PackageManager\BuiltInPackages\com.unity.modules.cloth)
    com.unity.modules.director@1.0.0 (location: C:\Program Files\Unity\Hub\Editor\6000.0.59f2\Editor\Data\Resources\PackageManager\BuiltInPackages\com.unity.modules.director)
    com.unity.modules.imageconversion@1.0.0 (location: C:\Program Files\Unity\Hub\Editor\6000.0.59f2\Editor\Data\Resources\PackageManager\BuiltInPackages\com.unity.modules.imageconversion)
    com.unity.modules.imgui@1.0.0 (location: C:\Program Files\Unity\Hub\Editor\6000.0.59f2\Editor\Data\Resources\PackageManager\BuiltInPackages\com.unity.modules.imgui)
    com.unity.modules.jsonserialize@1.0.0 (location: C:\Program Files\Unity\Hub\Editor\6000.0.59f2\Editor\Data\Resources\PackageManager\BuiltInPackages\com.unity.modules.jsonserialize)
    com.unity.modules.particlesystem@1.0.0 (location: C:\Program Files\Unity\Hub\Editor\6000.0.59f2\Editor\Data\Resources\PackageManager\BuiltInPackages\com.unity.modules.particlesystem)
    com.unity.modules.physics@1.0.0 (location: C:\Program Files\Unity\Hub\Editor\6000.0.59f2\Editor\Data\Resources\PackageManager\BuiltInPackages\com.unity.modules.physics)
    com.unity.modules.physics2d@1.0.0 (location: C:\Program Files\Unity\Hub\Editor\6000.0.59f2\Editor\Data\Resources\PackageManager\BuiltInPackages\com.unity.modules.physics2d)
    com.unity.modules.screencapture@1.0.0 (location: C:\Program Files\Unity\Hub\Editor\6000.0.59f2\Editor\Data\Resources\PackageManager\BuiltInPackages\com.unity.modules.screencapture)
    com.unity.modules.terrain@1.0.0 (location: C:\Program Files\Unity\Hub\Editor\6000.0.59f2\Editor\Data\Resources\PackageManager\BuiltInPackages\com.unity.modules.terrain)
    com.unity.modules.terrainphysics@1.0.0 (location: C:\Program Files\Unity\Hub\Editor\6000.0.59f2\Editor\Data\Resources\PackageManager\BuiltInPackages\com.unity.modules.terrainphysics)
    com.unity.modules.tilemap@1.0.0 (location: C:\Program Files\Unity\Hub\Editor\6000.0.59f2\Editor\Data\Resources\PackageManager\BuiltInPackages\com.unity.modules.tilemap)
    com.unity.modules.ui@1.0.0 (location: C:\Program Files\Unity\Hub\Editor\6000.0.59f2\Editor\Data\Resources\PackageManager\BuiltInPackages\com.unity.modules.ui)
    com.unity.modules.uielements@1.0.0 (location: C:\Program Files\Unity\Hub\Editor\6000.0.59f2\Editor\Data\Resources\PackageManager\BuiltInPackages\com.unity.modules.uielements)
    com.unity.modules.umbra@1.0.0 (location: C:\Program Files\Unity\Hub\Editor\6000.0.59f2\Editor\Data\Resources\PackageManager\BuiltInPackages\com.unity.modules.umbra)
    com.unity.modules.unityanalytics@1.0.0 (location: C:\Program Files\Unity\Hub\Editor\6000.0.59f2\Editor\Data\Resources\PackageManager\BuiltInPackages\com.unity.modules.unityanalytics)
    com.unity.modules.unitywebrequest@1.0.0 (location: C:\Program Files\Unity\Hub\Editor\6000.0.59f2\Editor\Data\Resources\PackageManager\BuiltInPackages\com.unity.modules.unitywebrequest)
    com.unity.modules.unitywebrequestassetbundle@1.0.0 (location: C:\Program Files\Unity\Hub\Editor\6000.0.59f2\Editor\Data\Resources\PackageManager\BuiltInPackages\com.unity.modules.unitywebrequestassetbundle)
    com.unity.modules.unitywebrequestaudio@1.0.0 (location: C:\Program Files\Unity\Hub\Editor\6000.0.59f2\Editor\Data\Resources\PackageManager\BuiltInPackages\com.unity.modules.unitywebrequestaudio)
    com.unity.modules.unitywebrequesttexture@1.0.0 (location: C:\Program Files\Unity\Hub\Editor\6000.0.59f2\Editor\Data\Resources\PackageManager\BuiltInPackages\com.unity.modules.unitywebrequesttexture)
    com.unity.modules.unitywebrequestwww@1.0.0 (location: C:\Program Files\Unity\Hub\Editor\6000.0.59f2\Editor\Data\Resources\PackageManager\BuiltInPackages\com.unity.modules.unitywebrequestwww)
    com.unity.modules.vehicles@1.0.0 (location: C:\Program Files\Unity\Hub\Editor\6000.0.59f2\Editor\Data\Resources\PackageManager\BuiltInPackages\com.unity.modules.vehicles)
    com.unity.modules.video@1.0.0 (location: C:\Program Files\Unity\Hub\Editor\6000.0.59f2\Editor\Data\Resources\PackageManager\BuiltInPackages\com.unity.modules.video)
    com.unity.modules.vr@1.0.0 (location: C:\Program Files\Unity\Hub\Editor\6000.0.59f2\Editor\Data\Resources\PackageManager\BuiltInPackages\com.unity.modules.vr)
    com.unity.modules.wind@1.0.0 (location: C:\Program Files\Unity\Hub\Editor\6000.0.59f2\Editor\Data\Resources\PackageManager\BuiltInPackages\com.unity.modules.wind)
    com.unity.modules.xr@1.0.0 (location: C:\Program Files\Unity\Hub\Editor\6000.0.59f2\Editor\Data\Resources\PackageManager\BuiltInPackages\com.unity.modules.xr)
    com.unity.modules.subsystems@1.0.0 (location: C:\Program Files\Unity\Hub\Editor\6000.0.59f2\Editor\Data\Resources\PackageManager\BuiltInPackages\com.unity.modules.subsystems)
    com.unity.modules.hierarchycore@1.0.0 (location: C:\Program Files\Unity\Hub\Editor\6000.0.59f2\Editor\Data\Resources\PackageManager\BuiltInPackages\com.unity.modules.hierarchycore)
    com.unity.ext.nunit@2.0.5 (location: C:\Users\k2146909\Camping Game\Library\PackageCache\com.unity.ext.nunit@031a54704bff)
    com.unity.render-pipelines.core@17.0.4 (location: C:\Users\k2146909\Camping Game\Library\PackageCache\com.unity.render-pipelines.core@029632be9a02)
    com.unity.shadergraph@17.0.4 (location: C:\Users\k2146909\Camping Game\Library\PackageCache\com.unity.shadergraph@de26b472816a)
    com.unity.render-pipelines.universal-config@17.0.3 (location: C:\Users\k2146909\Camping Game\Library\PackageCache\com.unity.render-pipelines.universal-config@dd206bf35d04)
    com.unity.rendering.light-transport@1.0.1 (location: C:\Users\k2146909\Camping Game\Library\PackageCache\com.unity.rendering.light-transport@9bd588f963c0)
[Subsystems] No new subsystems found in resolved package list.
[Package Manager] Done registering packages in 0.39 seconds
Begin MonoManager ReloadAssembly
Symbol file LoadedFromMemory is not a mono symbol file
- Loaded All Assemblies, in  1.310 seconds
Refreshing native plugins compatible for Editor in 23.23 ms, found 5 plugins.
Shader 'Universal Render Pipeline/Autodesk Interactive/AutodeskInteractive': fallback shader 'Hidden/Shader Graph/FallbackError' not found
Shader 'Universal Render Pipeline/Autodesk Interactive/AutodeskInteractiveTransparent': fallback shader 'Hidden/Shader Graph/FallbackError' not found
Shader 'Universal Render Pipeline/Autodesk Interactive/AutodeskInteractiveMasked': fallback shader 'Hidden/Shader Graph/FallbackError' not found
Shader 'Universal Render Pipeline/Nature/SpeedTree7': fallback shader 'Hidden/Universal Render Pipeline/FallbackError' not found
Shader 'Universal Render Pipeline/Nature/SpeedTree7': dependency 'BillboardShader' shader 'Universal Render Pipeline/Nature/SpeedTree7 Billboard' not found
Shader 'Universal Render Pipeline/Nature/SpeedTree8_PBRLit': fallback shader 'Hidden/Shader Graph/FallbackError' not found
Shader 'Universal Render Pipeline/Nature/SpeedTree9_URP': fallback shader 'Hidden/Shader Graph/FallbackError' not found
Shader 'Hidden/Universal Render Pipeline/StencilDeferred': fallback shader 'Hidden/Universal Render Pipeline/FallbackError' not found
Shader 'Hidden/Universal Render Pipeline/FallbackError': fallback shader 'Hidden/Core/FallbackError' not found
Shader 'Universal Render Pipeline/Lit': fallback shader 'Hidden/Universal Render Pipeline/FallbackError' not found
Shader 'Universal Render Pipeline/Particles/Unlit': fallback shader 'Hidden/Universal Render Pipeline/FallbackError' not found
Shader 'Universal Render Pipeline/Terrain/Lit': fallback shader 'Hidden/Universal Render Pipeline/FallbackError' not found
Shader 'Universal Render Pipeline/Terrain/Lit': dependency 'AddPassShader' shader 'Hidden/Universal Render Pipeline/Terrain/Lit (Add Pass)' not found
Shader 'Universal Render Pipeline/Terrain/Lit': dependency 'BaseMapShader' shader 'Hidden/Universal Render Pipeline/Terrain/Lit (Base Pass)' not found
Shader 'Universal Render Pipeline/Terrain/Lit': dependency 'BaseMapGenShader' shader 'Hidden/Universal Render Pipeline/Terrain/Lit (Basemap Gen)' not found
Shader 'Shader Graphs/Decal': fallback shader 'Hidden/Shader Graph/FallbackError' not found
Native extension for Android target not found
Native extension for UWP target not found
Native extension for WindowsStandalone target not found
Native extension for WebGL target not found
Refreshing native plugins compatible for Editor in 19.48 ms, found 5 plugins.
[Package Manager] Failed to launch server process. Reason: Unity was launched with the -noUpm command-line argument
[Package Manager] Unable to send message (not connected to server process).
[Package Manager] Cannot connect to Unity Package Manager local server
Mono: successfully reloaded assembly
- Finished resetting the current domain, in  1.944 seconds
Domain Reload Profiling: 3253ms
	BeginReloadAssembly (361ms)
		ExecutionOrderSort (0ms)
		DisableScriptedObjects (46ms)
		BackupInstance (0ms)
		ReleaseScriptingObjects (0ms)
		CreateAndSetChildDomain (21ms)
	RebuildCommonClasses (35ms)
	RebuildNativeTypeToScriptingClass (8ms)
	initialDomainReloadingComplete (56ms)
	LoadAllAssembliesAndSetupDomain (848ms)
		LoadAssemblies (809ms)
		RebuildTransferFunctionScriptingTraits (0ms)
		AnalyzeDomain (304ms)
			TypeCache.Refresh (218ms)
				TypeCache.ScanAssembly (204ms)
			BuildScriptInfoCaches (76ms)
			ResolveRequiredComponents (9ms)
	FinalizeReload (1945ms)
		ReleaseScriptCaches (0ms)
		RebuildScriptCaches (0ms)
		SetupLoadedEditorAssemblies (1638ms)
			LogAssemblyErrors (0ms)
			InitializePlatformSupportModulesInManaged (29ms)
			SetLoadedEditorAssemblies (3ms)
			BeforeProcessingInitializeOnLoad (139ms)
			ProcessInitializeOnLoadAttributes (1003ms)
			ProcessInitializeOnLoadMethodAttributes (461ms)
			AfterProcessingInitializeOnLoad (2ms)
			EditorAssembliesLoaded (0ms)
		ExecutionOrderSort2 (0ms)
		AwakeInstancesAfterBackupRestoration (7ms)
Asset Pipeline Refresh (id=e8664d261b8dc8249997e4eec7ffbfba): Total: 4.648 seconds - Initiated by InitialRefreshV2(ForceSynchronousImport)
	Summary:
		Imports: total=0 (actual=0, local cache=0, cache server=0)
		Asset DB Process Time: managed=0 ms, native=2936 ms
		Asset DB Callback time: managed=0 ms, native=400 ms
		Scripting: domain reloads=1, domain reload time=1310 ms, compile time=1 ms, other=0 ms
		Project Asset Count: scripts=2206, non-scripts=2495
		Asset File Changes: new=0, changed=0, moved=0, deleted=0
		Scan Filter Count: 1
	InvokeCustomDependenciesCallbacks: 0.001ms
	InvokePackagesCallback: 400.637ms
	ApplyChangesToAssetFolders: 0.260ms
	CategorizeAssets: 52.706ms
	ImportOutOfDateAssets: 1999.684ms (1995.502ms without children)
		CompileScripts: 0.976ms
		ReloadNativeAssets: 0.021ms
		UnloadImportedAssets: 2.109ms
		EnsureUptoDateAssetsAreRegisteredWithGuidPM: 0.628ms
		InitializingProgressBar: 0.000ms
		PostProcessAllAssetNotificationsAddChangedAssets: 0.000ms
		OnDemandSchedulerStart: 0.447ms
	Hotreload: 1.571ms
	GatherAllCurrentPrimaryArtifactRevisions: 0.000ms
	UnloadStreamsBegin: 1.369ms
	UnloadStreamsEnd: 0.001ms
	GenerateScriptTypeHashes: 2.865ms
	Untracked: 2192.134ms

Application.AssetDatabase Initial Refresh End
Shader 'Hidden/Universal Render Pipeline/Terrain/Lit (Add Pass)': fallback shader 'Hidden/Universal Render Pipeline/FallbackError' not found
Shader 'Hidden/Universal Render Pipeline/Terrain/Lit (Base Pass)': fallback shader 'Hidden/Universal Render Pipeline/FallbackError' not found
WARNING: Shader Unsupported: 'Hidden/Universal Render Pipeline/Terrain/Lit (Base Pass)' - All subshaders removed
WARNING: Shader Did you use #pragma only_renderers and omit this platform?
WARNING: Shader If subshaders removal was intentional, you may have forgotten turning Fallback off?
WARNING: Shader Unsupported: 'Hidden/Universal Render Pipeline/Terrain/Lit (Base Pass)' - All subshaders removed
WARNING: Shader Did you use #pragma only_renderers and omit this platform?
WARNING: Shader If subshaders removal was intentional, you may have forgotten turning Fallback off?
Shader 'Universal Render Pipeline/Baked Lit': fallback shader 'Universal Render Pipeline/Unlit' not found
Scanning for USB devices : 4.607ms
Initializing Unity extensions:
[MODES] ModeService[none].Initialize
[MODES] ModeService[none].LoadModes
[MODES] Loading mode Default (0) for mode-current-id-Camping Game
[MODES] Loading editor mode Multiplayer Playmode Clone (1) from command line.
Unloading 56 Unused Serialized files (Serialized files now loaded: 0)
Unloading 10729 unused Assets / (12.5 MB). Loaded Objects now: 11334.
Memory consumption went from 256.9 MB to 244.4 MB.
Total: 13.679400 ms (FindLiveObjects: 0.762100 ms CreateObjectMapping: 0.893400 ms MarkObjects: 6.270900 ms  DeleteObjects: 5.751800 ms)

[Project] Loading completed in 8.590 seconds
	Project init time: 				8.105 seconds
		Template init time: 		0.000 seconds
		Package Manager init time: 		0.000 seconds
		Asset Database init time: 		0.370 seconds
		Global illumination init time: 	0.026 seconds
		Assemblies load time: 			1.260 seconds
		Unity extensions init time: 	0.045 seconds
		Asset Database refresh time: 	4.649 seconds
	Scene opening time: 			0.348 seconds
##utp:{"type":"ProjectInfo","version":2,"phase":"Immediate","time":1764257376099,"processId":7148,"projectLoad":8.5897773,"projectInit":8.10489,"templateInit":0.0,"packageManagerInit":5e-7,"assetDatabaseInit":0.3695907,"globalIlluminationInit":0.0258591,"assembliesLoad":1.2597899,"unityExtensionsInit":0.0454217,"assetDatabaseRefresh":4.6485142,"sceneOpening":0.3483903}
##utp:{"type":"EditorInfo","version":2,"phase":"Immediate","time":1764257376099,"processId":7148,"editorVersion":"6000.0.59f2 (ef281c76c3c1)","branch":"6000.0/respin/6000.0.59f1-063c55f2fd0f","buildType":"Release","platform":"Windows"}
Asset Pipeline Refresh (id=de4beee259c8d5f4c97388c0d2adffe6): Total: 0.906 seconds - Initiated by RefreshV2(NoUpdateAssetOptions)
	Summary:
		Imports: total=0 (actual=0, local cache=0, cache server=0)
		Asset DB Process Time: managed=0 ms, native=905 ms
		Asset DB Callback time: managed=0 ms, native=0 ms
		Scripting: domain reloads=0, domain reload time=0 ms, compile time=0 ms, other=0 ms
		Project Asset Count: scripts=2206, non-scripts=2495
		Asset File Changes: new=0, changed=0, moved=0, deleted=0
		Scan Filter Count: 1
	InvokeCustomDependenciesCallbacks: 0.000ms
	InvokePackagesCallback: 0.001ms
	ApplyChangesToAssetFolders: 0.216ms
	CategorizeAssets: 61.889ms
	ImportOutOfDateAssets: 1.472ms (0.353ms without children)
		ReloadNativeAssets: 0.021ms
		UnloadImportedAssets: 0.002ms
		EnsureUptoDateAssetsAreRegisteredWithGuidPM: 0.505ms
		InitializingProgressBar: 0.001ms
		PostProcessAllAssetNotificationsAddChangedAssets: 0.001ms
		OnDemandSchedulerStart: 0.590ms
	Hotreload: 1.593ms
	GatherAllCurrentPrimaryArtifactRevisions: 0.192ms
	UnloadStreamsBegin: 1.575ms
	UnloadStreamsEnd: 0.002ms
	Untracked: 838.719ms

Launched and connected shader compiler UnityShaderCompiler.exe after 0.11 seconds
Created GICache directory at C:/Users/k2146909/AppData/LocalLow/Unity/Caches/GiCache. Took: 0.018s, timestamps: [8.593 - 8.611]
[Licensing::Client] Successfully updated the access token
[Licensing::Module] Successfully updated access token: "8MuLH1HP"... (expires: 2026-11-27T15:29:38Z)
Loading style catalogs (8)
	StyleSheets/Extensions/base/common.uss
	UIPackageResources/StyleSheets/Default/Variables/Public/common.uss
	StyleSheets/Northstar/common.uss
	StyleSheets/Extensions/fonts/inter.uss
	StyleSheets/Extensions/base/dark.uss
	UIPackageResources/StyleSheets/Default/Northstar/Palette/dark.uss
	Packages/com.unity.timeline/Editor/StyleSheets/Extensions/dark.uss
	Packages/com.unity.timeline/Editor/StyleSheets/Extensions/common.uss
<RI> Initializing input.
Using Windows.Gaming.Input
<RI> Input initialized.
[LAYOUT] About to save layout Library/UserSettings/Layouts\layout_0010.wlt
Opening scene 'Assets/NGO_Minimal_Setup/NGO_Setup.unity'
Android Extension - Scanning For ADB Devices 1391 ms
Unloading 18 Unused Serialized files (Serialized files now loaded: 0)
Loaded scene 'Assets/NGO_Minimal_Setup/NGO_Setup.unity'
	Deserialize:            244.392 ms
	Integration:            242.801 ms
	Integration of assets:  5.093 ms
	Thread Wait Time:       -0.032 ms
	Total Operation Time:   492.254 ms
Unloading 10631 unused Assets / (1.5 MB). Loaded Objects now: 11485.
Memory consumption went from 324.9 MB to 323.4 MB.
Total: 12.652000 ms (FindLiveObjects: 0.808300 ms CreateObjectMapping: 0.849600 ms MarkObjects: 8.337800 ms  DeleteObjects: 2.655500 ms)

Launched and connected shader compiler UnityShaderCompiler.exe after 0.11 seconds
Launched and connected shader compiler UnityShaderCompiler.exe after 0.11 seconds
[Licensing::Client] Successfully updated the access token
[Licensing::Module] Successfully updated access token: "8MuLH1HP"... (expires: 2026-11-27T15:29:44Z)
Android Extension - Scanning For ADB Devices 1040 ms
Attempted to call .Dispose on an already disposed CancellationTokenSource
Android Extension - Scanning For ADB Devices 884 ms
Android Extension - Scanning For ADB Devices 841 ms
Refreshing native plugins compatible for Editor in 15.72 ms, found 5 plugins.
Preloading 1 native plugins for Editor in 6.41 ms.
Asset Pipeline Refresh (id=5be2c77a6e247c0478b03bb5cf75f0f6): Total: 0.819 seconds - Initiated by RefreshV2(ForceUpdate)
	Summary:
		Imports: total=2 (actual=0, local cache=2, cache server=0)
		Asset DB Process Time: managed=0 ms, native=818 ms
		Asset DB Callback time: managed=0 ms, native=0 ms
		Scripting: domain reloads=0, domain reload time=0 ms, compile time=0 ms, other=0 ms
		Project Asset Count: scripts=2206, non-scripts=2495
		Asset File Changes: new=0, changed=0, moved=0, deleted=0
		Scan Filter Count: 1
	InvokeCustomDependenciesCallbacks: 0.000ms
	InvokePackagesCallback: 0.001ms
	ApplyChangesToAssetFolders: 0.270ms
	CategorizeAssets: 56.739ms
	ImportOutOfDateAssets: 1.187ms (0.355ms without children)
		ReloadNativeAssets: 0.019ms
		UnloadImportedAssets: 0.001ms
		ReloadImportedAssets: 0.000ms
		EnsureUptoDateAssetsAreRegisteredWithGuidPM: 0.429ms
		PostProcessAllAssetNotificationsAddChangedAssets: 0.001ms
		OnDemandSchedulerStart: 0.381ms
	Hotreload: 26.345ms
	GatherAllCurrentPrimaryArtifactRevisions: 0.155ms
	UnloadStreamsBegin: 1.598ms
	UnloadStreamsEnd: 0.001ms
	Untracked: 732.602ms

Reloading assemblies for play mode.
Reloading assemblies after forced synchronous recompile.
Attempted to call .Dispose on an already disposed CancellationTokenSource
Begin MonoManager ReloadAssembly
Could not save package settings to ProjectSettings/Packages/com.unity.services.vivox/Settings.json
UnityEngine.Debug:ExtractStackTraceNoAlloc (byte*,int,string)
UnityEngine.StackTraceUtility:ExtractStackTrace ()
UnityEngine.DebugLogHandler:Internal_Log (UnityEngine.LogType,UnityEngine.LogOption,string,UnityEngine.Object)
UnityEngine.DebugLogHandler:LogFormat (UnityEngine.LogType,UnityEngine.Object,string,object[])
UnityEngine.Logger:Log (UnityEngine.LogType,object)
UnityEngine.Debug:LogWarning (object)
UnityEditor.SettingsManagement.FileSettingsRepository:Save () (at ./Library/PackageCache/com.unity.settings-manager@41738c275190/Editor/FileSettingsRepository.cs:143)
UnityEditor.AssemblyReloadEvents:OnBeforeAssemblyReload ()

(Filename: ./Library/PackageCache/com.unity.settings-manager@41738c275190/Editor/FileSettingsRepository.cs Line: 143)

Symbol file LoadedFromMemory is not a mono symbol file
- Loaded All Assemblies, in  1.707 seconds
Refreshing native plugins compatible for Editor in 42.44 ms, found 5 plugins.
Native extension for Android target not found
Native extension for UWP target not found
Native extension for WindowsStandalone target not found
Native extension for WebGL target not found
[Package Manager] Failed to launch server process. Reason: Unity was launched with the -noUpm command-line argument
[Package Manager] Unable to send message (not connected to server process).
[Package Manager] Cannot connect to Unity Package Manager local server
[MODES] ModeService[none].Initialize
[MODES] ModeService[none].LoadModes
[MODES] Loading mode Default (0) for mode-current-id-Camping Game
[MODES] Loading editor mode Multiplayer Playmode Clone (1) from command line.
Mono: successfully reloaded assembly
- Finished resetting the current domain, in  1.550 seconds
Domain Reload Profiling: 3262ms
	BeginReloadAssembly (882ms)
		ExecutionOrderSort (0ms)
		DisableScriptedObjects (74ms)
		BackupInstance (0ms)
		ReleaseScriptingObjects (0ms)
		CreateAndSetChildDomain (376ms)
	RebuildCommonClasses (46ms)
	RebuildNativeTypeToScriptingClass (10ms)
	initialDomainReloadingComplete (59ms)
	LoadAllAssembliesAndSetupDomain (715ms)
		LoadAssemblies (843ms)
		RebuildTransferFunctionScriptingTraits (0ms)
		AnalyzeDomain (237ms)
			TypeCache.Refresh (7ms)
				TypeCache.ScanAssembly (0ms)
			BuildScriptInfoCaches (220ms)
			ResolveRequiredComponents (9ms)
	FinalizeReload (1550ms)
		ReleaseScriptCaches (0ms)
		RebuildScriptCaches (0ms)
		SetupLoadedEditorAssemblies (1019ms)
			LogAssemblyErrors (0ms)
			InitializePlatformSupportModulesInManaged (29ms)
			SetLoadedEditorAssemblies (3ms)
			BeforeProcessingInitializeOnLoad (229ms)
			ProcessInitializeOnLoadAttributes (380ms)
			ProcessInitializeOnLoadMethodAttributes (374ms)
			AfterProcessingInitializeOnLoad (3ms)
			EditorAssembliesLoaded (1ms)
		ExecutionOrderSort2 (0ms)
		AwakeInstancesAfterBackupRestoration (178ms)
Asset Pipeline Refresh (id=a08a6af974683414fa8f9b03516b39d9): Total: 4.729 seconds - Initiated by StopAssetImportingV2(ForceSynchronousImport | ForceDomainReload)
	Summary:
		Imports: total=0 (actual=0, local cache=0, cache server=0)
		Asset DB Process Time: managed=0 ms, native=2990 ms
		Asset DB Callback time: managed=0 ms, native=0 ms
		Scripting: domain reloads=1, domain reload time=1738 ms, compile time=1 ms, other=0 ms
		Project Asset Count: scripts=2206, non-scripts=2495
		Asset File Changes: new=0, changed=0, moved=0, deleted=0
		Scan Filter Count: 0
	InvokeCustomDependenciesCallbacks: 0.001ms
	InvokePackagesCallback: 0.003ms
	ApplyChangesToAssetFolders: 0.365ms
	CategorizeAssets: 88.058ms
	ImportOutOfDateAssets: 1636.822ms (1632.254ms without children)
		CompileScripts: 0.978ms
		CollectScriptTypesHashes: 1.072ms
		ReloadNativeAssets: 1.008ms
		UnloadImportedAssets: 0.304ms
		EnsureUptoDateAssetsAreRegisteredWithGuidPM: 0.812ms
		InitializingProgressBar: 0.001ms
		PostProcessAllAssetNotificationsAddChangedAssets: 0.000ms
		OnDemandSchedulerStart: 0.393ms
	Hotreload: 2.352ms
	GatherAllCurrentPrimaryArtifactRevisions: 0.160ms
	UnloadStreamsBegin: 0.079ms
	UnloadStreamsEnd: 0.002ms
	GenerateScriptTypeHashes: 3.819ms
	Untracked: 3001.648ms

Loaded scene 'Temp/__Backupscenes/0.backup'
	Deserialize:            1.974 ms
	Integration:            348.179 ms
	Integration of assets:  0.003 ms
	Thread Wait Time:       0.021 ms
	Total Operation Time:   350.177 ms
Asset Pipeline Refresh (id=3842e7a5b1c1c6b4ea503ece8a6e4479): Total: 0.779 seconds - Initiated by RefreshV2(ForceUpdate)
	Summary:
		Imports: total=0 (actual=0, local cache=0, cache server=0)
		Asset DB Process Time: managed=0 ms, native=778 ms
		Asset DB Callback time: managed=0 ms, native=0 ms
		Scripting: domain reloads=0, domain reload time=0 ms, compile time=0 ms, other=0 ms
		Project Asset Count: scripts=2206, non-scripts=2495
		Asset File Changes: new=0, changed=0, moved=0, deleted=0
		Scan Filter Count: 1
	InvokeCustomDependenciesCallbacks: 0.000ms
	InvokePackagesCallback: 0.001ms
	ApplyChangesToAssetFolders: 0.210ms
	CategorizeAssets: 60.185ms
	ImportOutOfDateAssets: 1.094ms (0.258ms without children)
		ReloadNativeAssets: 0.022ms
		UnloadImportedAssets: 0.001ms
		EnsureUptoDateAssetsAreRegisteredWithGuidPM: 0.433ms
		InitializingProgressBar: 0.000ms
		PostProcessAllAssetNotificationsAddChangedAssets: 0.000ms
		OnDemandSchedulerStart: 0.378ms
	Hotreload: 1.771ms
	GatherAllCurrentPrimaryArtifactRevisions: 0.219ms
	UnloadStreamsBegin: 0.088ms
	UnloadStreamsEnd: 0.001ms
	Untracked: 714.956ms

TrimDiskCacheJob: Current cache size 0mb
[LAYOUT] About to save layout Library/UserSettings/Layouts\layout_0010.wlt
Launched and connected shader compiler UnityShaderCompiler.exe after 0.07 seconds
Launched and connected shader compiler UnityShaderCompiler.exe after 0.07 seconds
[LAYOUT] About to save layout Library/UserSettings/Layouts\layout_0010.wlt
[LAYOUT] About to save layout Library/UserSettings/Layouts\layout_0010.wlt
Unloading 1 Unused Serialized files (Serialized files now loaded: 0)
Loaded scene 'Temp/__Backupscenes/0.backup'
	Deserialize:            1.371 ms
	Integration:            203.556 ms
	Integration of assets:  0.002 ms
	Thread Wait Time:       0.008 ms
	Total Operation Time:   204.936 ms
Unloading 10632 unused Assets / (7.1 MB). Loaded Objects now: 12204.
Memory consumption went from 393.1 MB to 386.0 MB.
Total: 16.856800 ms (FindLiveObjects: 0.974200 ms CreateObjectMapping: 1.181100 ms MarkObjects: 11.380400 ms  DeleteObjects: 3.320000 ms)

[Licensing::Client] Successfully resolved entitlement details
[Licensing::Module] License group:
  Id: F4-W3RF-DV69-ZJQW-B8PB-XXXX
  Product: Unity Personal
  Type: ULF
  Expiration: Unlimited
[Licensing::Module] License group:
  Id: 5773712453264-UnityPersXXXX
  Product: Unity Personal
  Type: Assigned
  Expiration: Unlimited
[LAYOUT] About to load Library/UserSettings/Layouts\layout_0010.wlt, keepMainWindow=False
[LAYOUT] About to save layout Library/UserSettings/Layouts\layout_0010.wlt
[LAYOUT] About to save layout Library/UserSettings/Layouts\layout_0010.wlt
